#
# A fatal error has been detected by the Java Runtime Environment:
#
#  Internal Error (jvmciRuntime.cpp:1609), pid=29, tid=43
#  fatal error: Fatal exception in JVMCI: Error calling jdk.vm.ci.services.Services.serializeSavedProperties
#
# JRE version: OpenJDK Runtime Environment GraalVM CE 22.3.0 (17.0.5+8) (build 17.0.5+8-jvmci-22.3-b08)
# Java VM: OpenJDK 64-Bit Server VM GraalVM CE 22.3.0 (17.0.5+8-jvmci-22.3-b08, mixed mode, sharing, tiered, jvmci, jvmci compiler, compressed oops, compressed class ptrs, parallel gc, linux-amd64)
# Problematic frame:
# V  [libjvm.so+0x972714]  JVMCIRuntime::fatal_exception(JVMCIEnv*, char const*)+0x74
#
# Core dump will be written. Default location: Core dumps may be processed with "/usr/share/apport/apport -p%p -s%s -c%c -d%d -P%P -u%u -g%g -- %E" (or dumping to /home/runner/Rasterization-Test/core.29)
#
# If you would like to submit a bug report, please visit:
#   https://github.com/oracle/graal/issues
#

---------------  S U M M A R Y ------------

Command Line: -XX:ThreadPriorityPolicy=1 -XX:+UnlockExperimentalVMOptions -XX:+EnableJVMCIProduct -XX:JVMCIThreadsPerNativeLibraryRuntime=1 -XX:-UnlockExperimentalVMOptions -Declipse.application=org.eclipse.jdt.ls.core.id1 -Dosgi.bundles.defaultStartLevel=4 -Declipse.product=org.eclipse.jdt.ls.core.product -Dlog.level=ALL -Xverify:none -XX:+UseParallelGC -XX:GCTimeRatio=4 -XX:AdaptiveSizePolicyWeight=90 -Dsun.zip.disableMemoryMapping=true -Xmx512m -Xms100m /nix/store/m6gcpi1ii6rghy04cjwjddcavv7i90df-jdt-language-server-1.9.0/share/java/plugins/org.eclipse.equinox.launcher_1.6.400.v20210924-0641.jar --add-modules=ALL-SYSTEM --add-opens java.base/java.util=ALL-UNNAMED --add-opens java.base/java.lang=ALL-UNNAMED -configuration /home/runner/.cache/jdt-language-server/config -data /home/runner/.cache/jdt-language-server/data/home/runner/Rasterization-Test

Host: AMD EPYC 7B12, 8 cores, 1G, Ubuntu 20.04.2 LTS
Time: Wed Apr  5 15:04:16 2023 UTC elapsed time: 383.439084 seconds (0d 0h 6m 23s)

---------------  T H R E A D  ---------------

Current thread (0x00007fd5c00b21e0):  JavaThread "JVMCI-native CompilerThread0" daemon [_thread_in_vm, id=43, stack(0x00007fd5a4a1a000,0x00007fd5a4c1a000)]


Current CompileTask:
JVMCI-native: 383467 9662       4       java.lang.ClassLoader::loadClass (7 bytes)

Stack: [0x00007fd5a4a1a000,0x00007fd5a4c1a000],  sp=0x00007fd5a4c18380,  free space=2040k
Native frames: (J=compiled Java code, j=interpreted, Vv=VM code, C=native code)
V  [libjvm.so+0x972714]  JVMCIRuntime::fatal_exception(JVMCIEnv*, char const*)+0x74
V  [libjvm.so+0x93e2fe]  JVMCIEnv::copy_saved_properties()+0x14e
V  [libjvm.so+0x9732a9]  JVMCIRuntime::initialize(JVMCIEnv*)+0xb19
V  [libjvm.so+0x9738a2]  JVMCIRuntime::get_HotSpotJVMCIRuntime(JVMCIEnv*)+0x12
V  [libjvm.so+0x9749f2]  JVMCIRuntime::compile_method(JVMCIEnv*, JVMCICompiler*, methodHandle const&, int)+0xd2
V  [libjvm.so+0x5b0d20]  CompileBroker::invoke_compiler_on_method(CompileTask*)+0x1470
V  [libjvm.so+0x5b12e8]  CompileBroker::compiler_thread_loop()+0x528
V  [libjvm.so+0xd82460]  JavaThread::thread_main_inner()+0xd0
V  [libjvm.so+0xd85a40]  Thread::call_run()+0xc0
V  [libjvm.so+0xbdb1e1]  thread_native_entry(Thread*)+0xe1

Register to memory mapping:

RAX=0x00007fd5c4748000 points into unknown readable memory: 0x0000000000000058 | 58 00 00 00 00 00 00 00
RBX=0x00007fd5c5843398: <offset 0x0000000000ef5398> in /nix/store/gpxl5qgg8kicmcvivwmybwjlpf7wh20l-graalvm17-ce-22.3.0/lib/server/libjvm.so at 0x00007fd5c494e000
RCX=0x00007fd5c57fb1e8: <offset 0x0000000000ead1e8> in /nix/store/gpxl5qgg8kicmcvivwmybwjlpf7wh20l-graalvm17-ce-22.3.0/lib/server/libjvm.so at 0x00007fd5c494e000
RDX=0x0000000000000649 is an unknown value
RSP=0x00007fd5a4c18380 is pointing into the stack for thread: 0x00007fd5c00b21e0
RBP=0x00007fd5a4c183a0 is pointing into the stack for thread: 0x00007fd5c00b21e0
RSI=0x00007fd5c5843c48: <offset 0x0000000000ef5c48> in /nix/store/gpxl5qgg8kicmcvivwmybwjlpf7wh20l-graalvm17-ce-22.3.0/lib/server/libjvm.so at 0x00007fd5c494e000
RDI=0x00000000e0000000 is an oop: [Ljava.lang.ref.SoftReference; 
{0x00000000e0000000} - klass: 'java/lang/ref/SoftReference'[]
 - length: 3
R8 =0x00007fd5c5843398: <offset 0x0000000000ef5398> in /nix/store/gpxl5qgg8kicmcvivwmybwjlpf7wh20l-graalvm17-ce-22.3.0/lib/server/libjvm.so at 0x00007fd5c494e000
R9 =0x00007fd5a4c18330 is pointing into the stack for thread: 0x00007fd5c00b21e0
R10=0x00007fd5a4c19948 is pointing into the stack for thread: 0x00007fd5c00b21e0
R11=0x0000000000000293 is an unknown value
R12=0x0 is NULL
R13=0x00007fd5c00b21e0 is a thread
R14=0x00007fd5c0000b80 points into unknown readable memory: 0x00007fd5c5a74a38 | 38 4a a7 c5 d5 7f 00 00
R15=0x00007fd5c5b82e40: <offset 0x0000000001234e40> in /nix/store/gpxl5qgg8kicmcvivwmybwjlpf7wh20l-graalvm17-ce-22.3.0/lib/server/libjvm.so at 0x00007fd5c494e000


Registers:
RAX=0x00007fd5c4748000, RBX=0x00007fd5c5843398, RCX=0x00007fd5c57fb1e8, RDX=0x0000000000000649
RSP=0x00007fd5a4c18380, RBP=0x00007fd5a4c183a0, RSI=0x00007fd5c5843c48, RDI=0x00000000e0000000
R8 =0x00007fd5c5843398, R9 =0x00007fd5a4c18330, R10=0x00007fd5a4c19948, R11=0x0000000000000293
R12=0x0000000000000000, R13=0x00007fd5c00b21e0, R14=0x00007fd5c0000b80, R15=0x00007fd5c5b82e40
RIP=0x00007fd5c52c0714, EFLAGS=0x0000000000010206, CSGSFS=0x002b000000000033, ERR=0x0000000000000006
  TRAPNO=0x000000000000000e

Top of Stack: (sp=0x00007fd5a4c18380)
0x00007fd5a4c18380:   00007fd5a4c18940 00007fd5c00b21e0
0x00007fd5a4c18390:   00007fd5c40d98c8 0000000800c417a0
0x00007fd5a4c183a0:   00007fd5a4c18500 00007fd5c528c2fe
0x00007fd5a4c183b0:   00007fd5a4c183e0 00007fd5a4c18440 

Instructions: (pc=0x00007fd5c52c0714)
0x00007fd5c52c0614:   30 e8 f6 cf e8 ff 4c 89 e7 e8 2e 48 d1 ff 84 db
0x00007fd5c52c0624:   75 2a 4d 85 ed 74 04 4d 8b 6d 00 48 83 c4 08 44
0x00007fd5c52c0634:   89 f9 4c 89 f2 4c 89 ee 5b 4c 89 e7 41 5c 41 5d
0x00007fd5c52c0644:   41 5e 41 5f 5d e9 e2 47 d1 ff 66 90 48 83 c4 08
0x00007fd5c52c0654:   5b 41 5c 41 5d 41 5e 41 5f 5d c3 90 31 d2 be 08
0x00007fd5c52c0664:   00 00 00 4c 89 ff e8 b1 78 a3 ff 49 89 c5 e9 37
0x00007fd5c52c0674:   ff ff ff 66 0f 1f 84 00 00 00 00 00 48 8b 7a 08
0x00007fd5c52c0684:   e9 6d ff ff ff 0f 1f 80 00 00 00 00 e8 5b 48 0a
0x00007fd5c52c0694:   00 84 c0 75 89 e9 6a ff ff ff 66 90 55 48 89 e5
0x00007fd5c52c06a4:   41 56 41 55 41 54 49 89 fc 53 48 89 f3 66 48 8d
0x00007fd5c52c06b4:   3d 27 5e 85 00 66 66 48 e8 df 43 8d ff 4c 8b 28
0x00007fd5c52c06c4:   8b 05 be 72 8a 00 85 c0 75 14 ba 01 00 00 00 48
0x00007fd5c52c06d4:   8d 0d ae 72 8a 00 f0 0f b1 11 85 c0 74 4e be c8
0x00007fd5c52c06e4:   00 00 00 4c 89 ef e8 01 0b 41 00 48 8d 05 12 ac
0x00007fd5c52c06f4:   85 00 49 89 d8 48 8d 0d e8 aa 53 00 ba 49 06 00
0x00007fd5c52c0704:   00 48 8d 35 3c 35 58 00 bf 00 00 00 e0 48 8b 00
0x00007fd5c52c0714:   c6 00 58 31 c0 e8 e2 91 c6 ff 5b 41 5c 41 5d 41
0x00007fd5c52c0724:   5e 5d e9 55 34 26 00 0f 1f 44 00 00 48 8d 05 81
0x00007fd5c52c0734:   a3 8b 00 48 89 df 4c 8b 30 e8 9e 43 8d ff 48 89
0x00007fd5c52c0744:   de 48 89 c2 49 8b 06 4c 89 f7 ff 50 08 4c 89 f7
0x00007fd5c52c0754:   e8 a7 5c 27 00 4d 85 e4 74 12 be 01 00 00 00 4c
0x00007fd5c52c0764:   89 e7 e8 35 43 fc ff eb 82 0f 1f 00 be 01 00 00
0x00007fd5c52c0774:   00 4c 89 ef e8 d3 fd ff ff e9 6d ff ff ff 66 66
0x00007fd5c52c0784:   2e 0f 1f 84 00 00 00 00 00 0f 1f 00 55 48 89 e5
0x00007fd5c52c0794:   41 57 41 56 41 55 41 54 53 48 81 ec 08 02 00 00
0x00007fd5c52c07a4:   64 48 8b 04 25 28 00 00 00 48 89 45 c8 8b 07 83
0x00007fd5c52c07b4:   f8 02 0f 84 11 04 00 00 4c 8b 6f 18 49 89 ff 49
0x00007fd5c52c07c4:   89 f4 4d 85 ed 74 14 4c 89 ef e8 5d 57 22 00 41
0x00007fd5c52c07d4:   8b 07 83 f8 02 0f 84 19 04 00 00 48 8d 1d 9a 06
0x00007fd5c52c07e4:   8a 00 4c 8d 35 0b 3c 58 00 eb 38 90 48 85 d2 7f
0x00007fd5c52c07f4:   0d 48 8d 05 b4 c0 85 00 48 83 38 00 7e 0e 41 8b
0x00007fd5c52c0804:   77 2c 4c 89 f7 31 c0 e8 a0 b2 f7 ff 49 8b 7f 18 


Stack slot to memory mapping:
stack at sp + 0 slots: 0x00007fd5a4c18940 is pointing into the stack for thread: 0x00007fd5c00b21e0
stack at sp + 1 slots: 0x00007fd5c00b21e0 is a thread
stack at sp + 2 slots: 0x00007fd5c40d98c8 points into unknown readable memory: 0x6573001880c9ffff | ff ff c9 80 18 00 73 65
stack at sp + 3 slots: 0x0000000800c417a0 is a pointer to class: 
jdk.vm.ci.services.Services {0x0000000800c417a0}
 - instance size:     2
 - klass size:        65
 - access:            public final synchronized 
 - state:             fully_initialized
 - name:              'jdk/vm/ci/services/Services'
 - super:             'java/lang/Object'
 - sub:               
 - arrays:            NULL
 - methods:           Array<T>(0x00007fd5a5442c08)
 - method ordering:   Array<T>(0x0000000800928960)
 - default_methods:   Array<T>(0x0000000000000000)
 - local interfaces:  Array<T>(0x00000008005ce810)
 - trans. interfaces: Array<T>(0x00000008005ce810)
 - constants:         constant pool [427] {0x00007fd5a5441bd0} for 'jdk/vm/ci/services/Services' cache=0x00007fd5a5443ed8
 - class loader data:  loader data: 0x00007fd5c00283f0 of 'bootstrap'
 - source file:       'Services.java'
 - class annotations:       Array<T>(0x0000000000000000)
 - class type annotations:  Array<T>(0x0000000000000000)
 - field annotations:       Array<T>(0x0000000000000000)
 - field type annotations:  Array<T>(0x0000000000000000)
 - inner classes:     Array<T>(0x00007fd5a5443ea8)
 - nest members:     Array<T>(0x00007fd5a5443ec8)
 - permitted subclasses:     Array<T>(0x00000008005ce7a0)
 - java mirror:       a 'java/lang/Class'{0x00000000e017c968} = 'jdk/vm/ci/services/Services'
 - vtable length      5  (start addr: 0x0000000800c41970)
 - itable length      2 (start addr: 0x0000000800c41998)
 - ---- static fields (3 words):
 - public static final 'IS_BUILDING_NATIVE_IMAGE' 'Z' @128 
 - public static final 'IS_IN_NATIVE_IMAGE' 'Z' @129 
 - private static volatile 'savedProperties' 'Ljava/util/Map;' @112 
 - static final 'JVMCI_ENABLED' 'Z' @130 
 - private static final 'servicesCache' 'Ljava/util/Map;' @116 
 - private static final 'MAX_UNICODE_IN_UTF8_LENGTH' 'I' @120 
 - private static final 'MAX_UTF8_PROPERTY_STRING_LENGTH' 'I' @124 
 - ---- non-static fields (0 words):
 - non-static oop maps: 
stack at sp + 4 slots: 0x00007fd5a4c18500 is pointing into the stack for thread: 0x00007fd5c00b21e0
stack at sp + 5 slots: 0x00007fd5c528c2fe: <offset 0x000000000093e2fe> in /nix/store/gpxl5qgg8kicmcvivwmybwjlpf7wh20l-graalvm17-ce-22.3.0/lib/server/libjvm.so at 0x00007fd5c494e000
stack at sp + 6 slots: 0x00007fd5a4c183e0 is pointing into the stack for thread: 0x00007fd5c00b21e0
stack at sp + 7 slots: 0x00007fd5a4c18440 is pointing into the stack for thread: 0x00007fd5c00b21e0


---------------  P R O C E S S  ---------------

Threads class SMR info:
_java_thread_list=0x00007fd52006b6b0, length=30, elements={
0x00007fd5c0026690, 0x00007fd5c00a64d0, 0x00007fd5c00a7910, 0x00007fd5c00ae050,
0x00007fd5c00af400, 0x00007fd5c00b07f0, 0x00007fd5c00b21e0, 0x00007fd5c00b36f0,
0x00007fd5c00b4750, 0x00007fd5c00d81f0, 0x00007fd5c011fba0, 0x00007fd5c0353770,
0x00007fd5c03870b0, 0x00007fd5c0388fc0, 0x00007fd5c021f880, 0x00007fd554016e40,
0x00007fd5542a3c90, 0x00007fd554305d90, 0x00007fd5544cdcd0, 0x00007fd554638b00,
0x00007fd5c0384170, 0x00007fd5c03fc870, 0x00007fd528000ff0, 0x00007fd52041c3b0,
0x00007fd5240038a0, 0x00007fd52041cbe0, 0x00007fd520423620, 0x00007fd52c17f140,
0x00007fd52c184660, 0x00007fd52c185f50
}

Java Threads: ( => current thread )
  0x00007fd5c0026690 JavaThread "main" [_thread_blocked, id=35, stack(0x00007fd5c4769000,0x00007fd5c4869000)]
  0x00007fd5c00a64d0 JavaThread "Reference Handler" daemon [_thread_blocked, id=38, stack(0x00007fd5a5300000,0x00007fd5a5400000)]
  0x00007fd5c00a7910 JavaThread "Finalizer" daemon [_thread_blocked, id=39, stack(0x00007fd5a5200000,0x00007fd5a5300000)]
  0x00007fd5c00ae050 JavaThread "Signal Dispatcher" daemon [_thread_blocked, id=40, stack(0x00007fd5a4e1a000,0x00007fd5a4f1a000)]
  0x00007fd5c00af400 JavaThread "Service Thread" daemon [_thread_blocked, id=41, stack(0x00007fd5a4d1a000,0x00007fd5a4e1a000)]
  0x00007fd5c00b07f0 JavaThread "Monitor Deflation Thread" daemon [_thread_blocked, id=42, stack(0x00007fd5a4c1a000,0x00007fd5a4d1a000)]
=>0x00007fd5c00b21e0 JavaThread "JVMCI-native CompilerThread0" daemon [_thread_in_vm, id=43, stack(0x00007fd5a4a1a000,0x00007fd5a4c1a000)]
  0x00007fd5c00b36f0 JavaThread "C1 CompilerThread0" daemon [_thread_blocked, id=44, stack(0x00007fd5a481a000,0x00007fd5a4a1a000)]
  0x00007fd5c00b4750 JavaThread "Sweeper thread" daemon [_thread_blocked, id=45, stack(0x00007fd5a471a000,0x00007fd5a481a000)]
  0x00007fd5c00d81f0 JavaThread "Common-Cleaner" daemon [_thread_blocked, id=46, stack(0x00007fd5a461a000,0x00007fd5a471a000)]
  0x00007fd5c011fba0 JavaThread "Notification Thread" daemon [_thread_blocked, id=47, stack(0x00007fd5a451a000,0x00007fd5a461a000)]
  0x00007fd5c0353770 JavaThread "Active Thread: Equinox Container: 23447dca-db3d-4e84-8715-ab1bf12e9860" [_thread_blocked, id=97, stack(0x00007fd5a4200000,0x00007fd5a4300000)]
  0x00007fd5c03870b0 JavaThread "Framework Event Dispatcher: Equinox Container: 23447dca-db3d-4e84-8715-ab1bf12e9860" daemon [_thread_blocked, id=104, stack(0x00007fd5a4000000,0x00007fd5a4100000)]
  0x00007fd5c0388fc0 JavaThread "Start Level: Equinox Container: 23447dca-db3d-4e84-8715-ab1bf12e9860" daemon [_thread_blocked, id=105, stack(0x00007fd56c900000,0x00007fd56ca00000)]
  0x00007fd5c021f880 JavaThread "Refresh Thread: Equinox Container: 23447dca-db3d-4e84-8715-ab1bf12e9860" daemon [_thread_blocked, id=117, stack(0x00007fd56c700000,0x00007fd56c800000)]
  0x00007fd554016e40 JavaThread "SCR Component Actor" daemon [_thread_blocked, id=126, stack(0x00007fd56c500000,0x00007fd56c600000)]
  0x00007fd5542a3c90 JavaThread "Worker-JM" [_thread_blocked, id=129, stack(0x00007fd56c100000,0x00007fd56c200000)]
  0x00007fd554305d90 JavaThread "Worker-0" [_thread_blocked, id=146, stack(0x00007fd56bf00000,0x00007fd56c000000)]
  0x00007fd5544cdcd0 JavaThread "Java indexing" daemon [_thread_blocked, id=150, stack(0x00007fd56bb00000,0x00007fd56bc00000)]
  0x00007fd554638b00 JavaThread "Bundle File Closer" daemon [_thread_blocked, id=151, stack(0x00007fd56b900000,0x00007fd56ba00000)]
  0x00007fd5c0384170 JavaThread "pool-3-thread-1" [_thread_blocked, id=160, stack(0x00007fd56b700000,0x00007fd56b800000)]
  0x00007fd5c03fc870 JavaThread "pool-2-thread-1" [_thread_blocked, id=162, stack(0x00007fd56b300000,0x00007fd56b400000)]
  0x00007fd528000ff0 JavaThread "Worker-3: Compacting resource model" [_thread_blocked, id=167, stack(0x00007fd56c300000,0x00007fd56c400000)]
  0x00007fd52041c3b0 JavaThread "OkHttp repo.maven.apache.org" [_thread_blocked, id=267, stack(0x00007fd56af00000,0x00007fd56b000000)]
  0x00007fd5240038a0 JavaThread "OkHttp repo.maven.apache.org Writer" [_thread_blocked, id=268, stack(0x00007fd56c000000,0x00007fd56c100000)]
  0x00007fd52041cbe0 JavaThread "OkHttp ConnectionPool" daemon [_thread_blocked, id=269, stack(0x00007fd56be00000,0x00007fd56bf00000)]
  0x00007fd520423620 JavaThread "Okio Watchdog" daemon [_thread_blocked, id=271, stack(0x00007fd56ba00000,0x00007fd56bb00000)]
  0x00007fd52c17f140 JavaThread "Thread-3" [_thread_blocked, id=337, stack(0x00007fd56b800000,0x00007fd56b900000)]
  0x00007fd52c184660 JavaThread "Thread-5" [_thread_blocked, id=359, stack(0x00007fd56b600000,0x00007fd56b700000)]
  0x00007fd52c185f50 JavaThread "Thread-6" [_thread_blocked, id=360, stack(0x00007fd56b400000,0x00007fd56b500000)]

Other Threads:
  0x00007fd5c00a1c10 VMThread "VM Thread" [stack: 0x00007fd5a5cdd000,0x00007fd5a5ddd000] [id=37] _threads_hazard_ptr=0x00007fd52006b6b0
  0x00007fd5c0121540 WatcherThread [stack: 0x00007fd5a441a000,0x00007fd5a451a000] [id=48]
  0x00007fd5c003df30 GCTaskThread "GC Thread#0" [stack: 0x00007fd5c432c000,0x00007fd5c442c000] [id=36]

Threads with active compile tasks:
JVMCI-native CompilerThread0   383502 9662       4       java.lang.ClassLoader::loadClass (7 bytes)

VM state: synchronizing (normal execution)

VM Mutex/Monitor currently owned by a thread:  ([mutex/lock_event])
[0x00007fd5c0023840] Threads_lock - owner thread: 0x00007fd5c00a1c10
[0x00007fd5c0023ff0] Heap_lock - owner thread: 0x00007fd52041cbe0

OutOfMemory and StackOverflow Exception counts:
OutOfMemoryError java_heap_errors=7
LinkageErrors=70

Heap address: 0x00000000e0000000, size: 512 MB, Compressed Oops mode: 32-bit

CDS archive(s) mapped at: [0x0000000800000000-0x0000000800bc8000-0x0000000800bc8000), size 12353536, SharedBaseAddress: 0x0000000800000000, ArchiveRelocationMode: 0.
Compressed class space mapped at: 0x0000000800c00000-0x0000000840c00000, reserved size: 1073741824
Narrow klass base: 0x0000000800000000, Narrow klass shift: 0, Narrow klass range: 0x100000000

GC Precious Log:
 CPUs: 8 total, 1 available
 Memory: 1024M
 Large Page Support: Disabled
 NUMA Support: Disabled
 Compressed Oops: Enabled (32-bit)
 Alignments: Space 512K, Generation 512K, Heap 2M
 Heap Min Capacity: 100M
 Heap Initial Capacity: 100M
 Heap Max Capacity: 512M
 Pre-touch: Disabled
 Parallel Workers: 1

Heap:
 PSYoungGen      total 32768K, used 22015K [0x00000000f5580000, 0x00000000f9880000, 0x0000000100000000)
  eden space 22016K, 99% used [0x00000000f5580000,0x00000000f6affff8,0x00000000f6b00000)
  from space 10752K, 0% used [0x00000000f8180000,0x00000000f8180000,0x00000000f8c00000)
  to   space 23040K, 0% used [0x00000000f6b00000,0x00000000f6b00000,0x00000000f8180000)
 ParOldGen       total 349696K, used 349695K [0x00000000e0000000, 0x00000000f5580000, 0x00000000f5580000)
  object space 349696K, 99% used [0x00000000e0000000,0x00000000f557fff0,0x00000000f5580000)
 Metaspace       used 61750K, committed 63040K, reserved 1105920K
  class space    used 6070K, committed 6592K, reserved 1048576K

Card table byte_map: [0x00007fd5c442c000,0x00007fd5c452d000] _byte_map_base: 0x00007fd5c3d2c000

Marking Bits: (ParMarkBitMap*) 0x00007fd5c5b7c4c0
 Begin Bits: [0x00007fd5a64b3000, 0x00007fd5a6cb3000)
 End Bits:   [0x00007fd5a6cb3000, 0x00007fd5a74b3000)

Polling page: 0x00007fd5c4746000

Metaspace:

Usage:
  Non-class:     54.37 MB used.
      Class:      5.93 MB used.
       Both:     60.30 MB used.

Virtual space:
  Non-class space:       56.00 MB reserved,      55.12 MB ( 98%) committed,  7 nodes.
      Class space:        1.00 GB reserved,       6.44 MB ( <1%) committed,  1 nodes.
             Both:        1.05 GB reserved,      61.56 MB (  6%) committed. 

Chunk freelists:
   Non-Class:  488.00 KB
       Class:  1.68 MB
        Both:  2.16 MB

MaxMetaspaceSize: unlimited
CompressedClassSpaceSize: 1.00 GB
Initial GC threshold: 21.00 MB
Current GC threshold: 102.44 MB
CDS: on
MetaspaceReclaimPolicy: balanced
 - commit_granule_bytes: 65536.
 - commit_granule_words: 8192.
 - virtual_space_node_default_size: 1048576.
 - enlarge_chunks_in_place: 1.
 - new_chunks_are_fully_committed: 0.
 - uncommit_free_chunks: 1.
 - use_allocation_guard: 0.
 - handle_deallocations: 1.


Internal statistics:

num_allocs_failed_limit: 6.
num_arena_births: 500.
num_arena_deaths: 148.
num_vsnodes_births: 8.
num_vsnodes_deaths: 0.
num_space_committed: 984.
num_space_uncommitted: 0.
num_chunks_returned_to_freelist: 210.
num_chunks_taken_from_freelist: 2879.
num_chunk_merges: 86.
num_chunk_splits: 1908.
num_chunks_enlarged: 1230.
num_purges: 2.
num_inconsistent_stats: 0.

CodeHeap 'non-profiled nmethods': size=120036Kb used=2458Kb max_used=2458Kb free=117577Kb
 bounds [0x00007fd5aef7a000, 0x00007fd5af1ea000, 0x00007fd5b64b3000]
CodeHeap 'profiled nmethods': size=120032Kb used=17460Kb max_used=17460Kb free=102572Kb
 bounds [0x00007fd5a7a42000, 0x00007fd5a8b52000, 0x00007fd5aef7a000]
CodeHeap 'non-nmethods': size=5692Kb used=1388Kb max_used=1406Kb free=4303Kb
 bounds [0x00007fd5a74b3000, 0x00007fd5a7723000, 0x00007fd5a7a42000]
 total_blobs=8217 nmethods=7493 adapters=633
 compilation: enabled
              stopped_count=0, restarted_count=0
 full_count=0

JVMCI Events (20 events):
Event: 131.184 Thread 0x00007fd5c00b21e0 destroyed JavaVM[1]@0x00007fd56d69e340 for JVMCI runtime 0
Event: 131.184 Thread 0x00007fd5c00b21e0 compacted oop handles in JVMCI runtime 0 from 88 to 88
Event: 131.184 Thread 0x00007fd5c00b21e0 releasing handles for JVMCI runtime 0: oop handles=88, metadata handles={total=1344, live=684, blocks=42}
Event: 131.184 Thread 0x00007fd5c00b21e0 detached from JVMCI runtime 0
Event: 268.432 Thread 0x00007fd5c00b21e0 attached to JVMCI runtime 0
Event: 268.433 Thread 0x00007fd5c00b21e0 created JavaVM[2]@0x00007fd56a99e340 for JVMCI runtime 0
Event: 269.851 Thread 0x00007fd5c00b21e0 initializing JVMCI runtime 0
Event: 269.851 Thread 0x00007fd5c00b21e0 done waiting for JavaVM references initialization in JVMCI runtime 0
Event: 282.631 Thread 0x00007fd5c00b21e0 initialized JVMCI runtime 0
Event: 289.396 Thread 0x00007fd5c00b21e0 detaching from JVMCI runtime 0: releasing idle compiler thread (0 other threads still attached)
Event: 289.396 Thread 0x00007fd5c00b21e0 shutting down HotSpotJVMCIRuntime for JVMCI runtime 0
Event: 289.396 Thread 0x00007fd5c00b21e0 shut down JVMCI runtime 0
Event: 289.397 Thread 0x00007fd5c00b21e0 destroyed JavaVM[2]@0x00007fd56a99e340 for JVMCI runtime 0
Event: 289.397 Thread 0x00007fd5c00b21e0 compacted oop handles in JVMCI runtime 0 from 50 to 50
Event: 289.397 Thread 0x00007fd5c00b21e0 releasing handles for JVMCI runtime 0: oop handles=50, metadata handles={total=96, live=82, blocks=42}
Event: 289.397 Thread 0x00007fd5c00b21e0 detached from JVMCI runtime 0
Event: 355.334 Thread 0x00007fd5c00b21e0 attached to JVMCI runtime 0
Event: 355.335 Thread 0x00007fd5c00b21e0 created JavaVM[3]@0x00007fd56a99e340 for JVMCI runtime 0
Event: 356.519 Thread 0x00007fd5c00b21e0 initializing JVMCI runtime 0
Event: 356.519 Thread 0x00007fd5c00b21e0 done waiting for JavaVM references initialization in JVMCI runtime 0

Compilation events (20 events):
Event: 128.781 Thread 0x00007fd5c00b21e0 nmethod 9573 0x00007fd5af1df290 code [0x00007fd5af1df400, 0x00007fd5af1df4b8]
Event: 128.781 Thread 0x00007fd5c00b21e0 7736       4       jdk.internal.reflect.AccessorGenerator::sub (5 bytes)
Event: 128.781 Thread 0x00007fd5c00b21e0 nmethod 7736 0x00007fd5af1df590 code [0x00007fd5af1df700, 0x00007fd5af1df720]
Event: 128.781 Thread 0x00007fd5c00b21e0 9616       4       java.util.Arrays$ArrayList::size (6 bytes)
Event: 128.782 Thread 0x00007fd5c00b21e0 nmethod 9616 0x00007fd5af1df890 code [0x00007fd5af1dfa00, 0x00007fd5af1dfa78]
Event: 128.782 Thread 0x00007fd5c00b21e0 7309       4       java.util.ArrayDeque::peekFirst (12 bytes)
Event: 128.783 Thread 0x00007fd5c00b21e0 nmethod 7309 0x00007fd5af1dfb90 code [0x00007fd5af1dfd00, 0x00007fd5af1dfda8]
Event: 149.017 Thread 0x00007fd5c00b36f0 9654       3       org.eclipse.jdt.internal.core.JavaModelOperation::isCanceled (17 bytes)
Event: 150.201 Thread 0x00007fd5c00b36f0 nmethod 9654 0x00007fd5a8b4aa90 code [0x00007fd5a8b4ac60, 0x00007fd5a8b4b120]
Event: 211.575 Thread 0x00007fd5c00b36f0 9656   !   3       org.eclipse.core.internal.jobs.JobManager::nextJob (302 bytes)
Event: 215.410 Thread 0x00007fd5c00b36f0 nmethod 9656 0x00007fd5a8b4b290 code [0x00007fd5a8b4b6e0, 0x00007fd5a8b4db50]
Event: 225.318 Thread 0x00007fd5c00b36f0 9658       3       java.util.concurrent.Executors$RunnableAdapter::call (14 bytes)
Event: 226.752 Thread 0x00007fd5c00b36f0 nmethod 9658 0x00007fd5a8b4ea90 code [0x00007fd5a8b4ec40, 0x00007fd5a8b4ef80]
Event: 268.432 Thread 0x00007fd5c00b21e0 9659 %     4       org.eclipse.jdt.internal.compiler.util.SimpleLookupTable::get @ 19 (59 bytes)
Event: 288.113 Thread 0x00007fd5c00b21e0 nmethod 9659% 0x00007fd5af1dfe90 code [0x00007fd5af1e0060, 0x00007fd5af1e0648]
Event: 314.701 Thread 0x00007fd5c00b36f0 9660       3       org.eclipse.core.internal.jobs.JobQueue::isEmpty (18 bytes)
Event: 314.701 Thread 0x00007fd5c00b36f0 nmethod 9660 0x00007fd5a8b4f090 code [0x00007fd5a8b4f240, 0x00007fd5a8b4f3d0]
Event: 319.098 Thread 0x00007fd5c00b36f0 9661   !   3       org.eclipse.core.internal.jobs.JobManager::sleepHint (67 bytes)
Event: 320.504 Thread 0x00007fd5c00b36f0 nmethod 9661 0x00007fd5a8b4f490 code [0x00007fd5a8b4f6e0, 0x00007fd5a8b50030]
Event: 355.334 Thread 0x00007fd5c00b21e0 9662       4       java.lang.ClassLoader::loadClass (7 bytes)

GC Heap History (20 events):
Event: 371.405 GC heap before
{Heap before GC invocations=323 (full 226):
 PSYoungGen      total 32768K, used 22016K [0x00000000f5580000, 0x00000000f9880000, 0x0000000100000000)
  eden space 22016K, 100% used [0x00000000f5580000,0x00000000f6b00000,0x00000000f6b00000)
  from space 10752K, 0% used [0x00000000f8180000,0x00000000f8180000,0x00000000f8c00000)
  to   space 23040K, 0% used [0x00000000f6b00000,0x00000000f6b00000,0x00000000f8180000)
 ParOldGen       total 349696K, used 349696K [0x00000000e0000000, 0x00000000f5580000, 0x00000000f5580000)
  object space 349696K, 100% used [0x00000000e0000000,0x00000000f5580000,0x00000000f5580000)
 Metaspace       used 61749K, committed 63040K, reserved 1105920K
  class space    used 6070K, committed 6592K, reserved 1048576K
}
Event: 372.415 GC heap after
{Heap after GC invocations=323 (full 226):
 PSYoungGen      total 45056K, used 22015K [0x00000000f5580000, 0x00000000f9880000, 0x0000000100000000)
  eden space 22016K, 99% used [0x00000000f5580000,0x00000000f6afffa8,0x00000000f6b00000)
  from space 23040K, 0% used [0x00000000f6b00000,0x00000000f6b00000,0x00000000f8180000)
  to   space 10752K, 0% used [0x00000000f8180000,0x00000000f8180000,0x00000000f8c00000)
 ParOldGen       total 349696K, used 349695K [0x00000000e0000000, 0x00000000f5580000, 0x00000000f5580000)
  object space 349696K, 99% used [0x00000000e0000000,0x00000000f557feb0,0x00000000f5580000)
 Metaspace       used 61749K, committed 63040K, reserved 1105920K
  class space    used 6070K, committed 6592K, reserved 1048576K
}
Event: 372.467 GC heap before
{Heap before GC invocations=324 (full 227):
 PSYoungGen      total 45056K, used 22015K [0x00000000f5580000, 0x00000000f9880000, 0x0000000100000000)
  eden space 22016K, 99% used [0x00000000f5580000,0x00000000f6affff8,0x00000000f6b00000)
  from space 23040K, 0% used [0x00000000f6b00000,0x00000000f6b00000,0x00000000f8180000)
  to   space 10752K, 0% used [0x00000000f8180000,0x00000000f8180000,0x00000000f8c00000)
 ParOldGen       total 349696K, used 349695K [0x00000000e0000000, 0x00000000f5580000, 0x00000000f5580000)
  object space 349696K, 99% used [0x00000000e0000000,0x00000000f557feb0,0x00000000f5580000)
 Metaspace       used 61750K, committed 63040K, reserved 1105920K
  class space    used 6070K, committed 6592K, reserved 1048576K
}
Event: 373.593 GC heap after
{Heap after GC invocations=324 (full 227):
 PSYoungGen      total 32768K, used 22015K [0x00000000f5580000, 0x00000000f9880000, 0x0000000100000000)
  eden space 22016K, 99% used [0x00000000f5580000,0x00000000f6afffc0,0x00000000f6b00000)
  from space 10752K, 0% used [0x00000000f8180000,0x00000000f8180000,0x00000000f8c00000)
  to   space 23040K, 0% used [0x00000000f6b00000,0x00000000f6b00000,0x00000000f8180000)
 ParOldGen       total 349696K, used 349695K [0x00000000e0000000, 0x00000000f5580000, 0x00000000f5580000)
  object space 349696K, 99% used [0x00000000e0000000,0x00000000f557feb0,0x00000000f5580000)
 Metaspace       used 61750K, committed 63040K, reserved 1105920K
  class space    used 6070K, committed 6592K, reserved 1048576K
}
Event: 373.593 GC heap before
{Heap before GC invocations=325 (full 228):
 PSYoungGen      total 32768K, used 22016K [0x00000000f5580000, 0x00000000f9880000, 0x0000000100000000)
  eden space 22016K, 100% used [0x00000000f5580000,0x00000000f6b00000,0x00000000f6b00000)
  from space 10752K, 0% used [0x00000000f8180000,0x00000000f8180000,0x00000000f8c00000)
  to   space 23040K, 0% used [0x00000000f6b00000,0x00000000f6b00000,0x00000000f8180000)
 ParOldGen       total 349696K, used 349695K [0x00000000e0000000, 0x00000000f5580000, 0x00000000f5580000)
  object space 349696K, 99% used [0x00000000e0000000,0x00000000f557feb0,0x00000000f5580000)
 Metaspace       used 61750K, committed 63040K, reserved 1105920K
  class space    used 6070K, committed 6592K, reserved 1048576K
}
Event: 374.673 GC heap after
{Heap after GC invocations=325 (full 228):
 PSYoungGen      total 45056K, used 22015K [0x00000000f5580000, 0x00000000f9880000, 0x0000000100000000)
  eden space 22016K, 99% used [0x00000000f5580000,0x00000000f6afffc0,0x00000000f6b00000)
  from space 23040K, 0% used [0x00000000f6b00000,0x00000000f6b00000,0x00000000f8180000)
  to   space 10752K, 0% used [0x00000000f8180000,0x00000000f8180000,0x00000000f8c00000)
 ParOldGen       total 349696K, used 349695K [0x00000000e0000000, 0x00000000f5580000, 0x00000000f5580000)
  object space 349696K, 99% used [0x00000000e0000000,0x00000000f557feb0,0x00000000f5580000)
 Metaspace       used 61750K, committed 63040K, reserved 1105920K
  class space    used 6070K, committed 6592K, reserved 1048576K
}
Event: 374.673 GC heap before
{Heap before GC invocations=326 (full 229):
 PSYoungGen      total 45056K, used 22016K [0x00000000f5580000, 0x00000000f9880000, 0x0000000100000000)
  eden space 22016K, 100% used [0x00000000f5580000,0x00000000f6b00000,0x00000000f6b00000)
  from space 23040K, 0% used [0x00000000f6b00000,0x00000000f6b00000,0x00000000f8180000)
  to   space 10752K, 0% used [0x00000000f8180000,0x00000000f8180000,0x00000000f8c00000)
 ParOldGen       total 349696K, used 349695K [0x00000000e0000000, 0x00000000f5580000, 0x00000000f5580000)
  object space 349696K, 99% used [0x00000000e0000000,0x00000000f557feb0,0x00000000f5580000)
 Metaspace       used 61750K, committed 63040K, reserved 1105920K
  class space    used 6070K, committed 6592K, reserved 1048576K
}
Event: 375.794 GC heap after
{Heap after GC invocations=326 (full 229):
 PSYoungGen      total 32768K, used 22015K [0x00000000f5580000, 0x00000000f9880000, 0x0000000100000000)
  eden space 22016K, 99% used [0x00000000f5580000,0x00000000f6afffc0,0x00000000f6b00000)
  from space 10752K, 0% used [0x00000000f8180000,0x00000000f8180000,0x00000000f8c00000)
  to   space 23040K, 0% used [0x00000000f6b00000,0x00000000f6b00000,0x00000000f8180000)
 ParOldGen       total 349696K, used 349695K [0x00000000e0000000, 0x00000000f5580000, 0x00000000f5580000)
  object space 349696K, 99% used [0x00000000e0000000,0x00000000f557feb0,0x00000000f5580000)
 Metaspace       used 61750K, committed 63040K, reserved 1105920K
  class space    used 6070K, committed 6592K, reserved 1048576K
}
Event: 375.801 GC heap before
{Heap before GC invocations=327 (full 230):
 PSYoungGen      total 32768K, used 22016K [0x00000000f5580000, 0x00000000f9880000, 0x0000000100000000)
  eden space 22016K, 100% used [0x00000000f5580000,0x00000000f6b00000,0x00000000f6b00000)
  from space 10752K, 0% used [0x00000000f8180000,0x00000000f8180000,0x00000000f8c00000)
  to   space 23040K, 0% used [0x00000000f6b00000,0x00000000f6b00000,0x00000000f8180000)
 ParOldGen       total 349696K, used 349695K [0x00000000e0000000, 0x00000000f5580000, 0x00000000f5580000)
  object space 349696K, 99% used [0x00000000e0000000,0x00000000f557feb0,0x00000000f5580000)
 Metaspace       used 61750K, committed 63040K, reserved 1105920K
  class space    used 6070K, committed 6592K, reserved 1048576K
}
Event: 377.077 GC heap after
{Heap after GC invocations=327 (full 230):
 PSYoungGen      total 45056K, used 22015K [0x00000000f5580000, 0x00000000f9880000, 0x0000000100000000)
  eden space 22016K, 99% used [0x00000000f5580000,0x00000000f6afffc0,0x00000000f6b00000)
  from space 23040K, 0% used [0x00000000f6b00000,0x00000000f6b00000,0x00000000f8180000)
  to   space 10752K, 0% used [0x00000000f8180000,0x00000000f8180000,0x00000000f8c00000)
 ParOldGen       total 349696K, used 349695K [0x00000000e0000000, 0x00000000f5580000, 0x00000000f5580000)
  object space 349696K, 99% used [0x00000000e0000000,0x00000000f557feb0,0x00000000f5580000)
 Metaspace       used 61750K, committed 63040K, reserved 1105920K
  class space    used 6070K, committed 6592K, reserved 1048576K
}
Event: 377.078 GC heap before
{Heap before GC invocations=328 (full 231):
 PSYoungGen      total 45056K, used 22016K [0x00000000f5580000, 0x00000000f9880000, 0x0000000100000000)
  eden space 22016K, 100% used [0x00000000f5580000,0x00000000f6b00000,0x00000000f6b00000)
  from space 23040K, 0% used [0x00000000f6b00000,0x00000000f6b00000,0x00000000f8180000)
  to   space 10752K, 0% used [0x00000000f8180000,0x00000000f8180000,0x00000000f8c00000)
 ParOldGen       total 349696K, used 349695K [0x00000000e0000000, 0x00000000f5580000, 0x00000000f5580000)
  object space 349696K, 99% used [0x00000000e0000000,0x00000000f557feb0,0x00000000f5580000)
 Metaspace       used 61750K, committed 63040K, reserved 1105920K
  class space    used 6070K, committed 6592K, reserved 1048576K
}
Event: 378.281 GC heap after
{Heap after GC invocations=328 (full 231):
 PSYoungGen      total 32768K, used 22015K [0x00000000f5580000, 0x00000000f9880000, 0x0000000100000000)
  eden space 22016K, 99% used [0x00000000f5580000,0x00000000f6afffc0,0x00000000f6b00000)
  from space 10752K, 0% used [0x00000000f8180000,0x00000000f8180000,0x00000000f8c00000)
  to   space 23040K, 0% used [0x00000000f6b00000,0x00000000f6b00000,0x00000000f8180000)
 ParOldGen       total 349696K, used 349695K [0x00000000e0000000, 0x00000000f5580000, 0x00000000f5580000)
  object space 349696K, 99% used [0x00000000e0000000,0x00000000f557feb0,0x00000000f5580000)
 Metaspace       used 61750K, committed 63040K, reserved 1105920K
  class space    used 6070K, committed 6592K, reserved 1048576K
}
Event: 378.282 GC heap before
{Heap before GC invocations=329 (full 232):
 PSYoungGen      total 32768K, used 22015K [0x00000000f5580000, 0x00000000f9880000, 0x0000000100000000)
  eden space 22016K, 99% used [0x00000000f5580000,0x00000000f6afffe8,0x00000000f6b00000)
  from space 10752K, 0% used [0x00000000f8180000,0x00000000f8180000,0x00000000f8c00000)
  to   space 23040K, 0% used [0x00000000f6b00000,0x00000000f6b00000,0x00000000f8180000)
 ParOldGen       total 349696K, used 349695K [0x00000000e0000000, 0x00000000f5580000, 0x00000000f5580000)
  object space 349696K, 99% used [0x00000000e0000000,0x00000000f557feb0,0x00000000f5580000)
 Metaspace       used 61750K, committed 63040K, reserved 1105920K
  class space    used 6070K, committed 6592K, reserved 1048576K
}
Event: 379.596 GC heap after
{Heap after GC invocations=329 (full 232):
 PSYoungGen      total 45056K, used 22015K [0x00000000f5580000, 0x00000000f9880000, 0x0000000100000000)
  eden space 22016K, 99% used [0x00000000f5580000,0x00000000f6afffd8,0x00000000f6b00000)
  from space 23040K, 0% used [0x00000000f6b00000,0x00000000f6b00000,0x00000000f8180000)
  to   space 10752K, 0% used [0x00000000f8180000,0x00000000f8180000,0x00000000f8c00000)
 ParOldGen       total 349696K, used 349695K [0x00000000e0000000, 0x00000000f5580000, 0x00000000f5580000)
  object space 349696K, 99% used [0x00000000e0000000,0x00000000f557feb0,0x00000000f5580000)
 Metaspace       used 61750K, committed 63040K, reserved 1105920K
  class space    used 6070K, committed 6592K, reserved 1048576K
}
Event: 379.596 GC heap before
{Heap before GC invocations=330 (full 233):
 PSYoungGen      total 45056K, used 22015K [0x00000000f5580000, 0x00000000f9880000, 0x0000000100000000)
  eden space 22016K, 99% used [0x00000000f5580000,0x00000000f6afffd8,0x00000000f6b00000)
  from space 23040K, 0% used [0x00000000f6b00000,0x00000000f6b00000,0x00000000f8180000)
  to   space 10752K, 0% used [0x00000000f8180000,0x00000000f8180000,0x00000000f8c00000)
 ParOldGen       total 349696K, used 349695K [0x00000000e0000000, 0x00000000f5580000, 0x00000000f5580000)
  object space 349696K, 99% used [0x00000000e0000000,0x00000000f557feb0,0x00000000f5580000)
 Metaspace       used 61750K, committed 63040K, reserved 1105920K
  class space    used 6070K, committed 6592K, reserved 1048576K
}
Event: 380.873 GC heap after
{Heap after GC invocations=330 (full 233):
 PSYoungGen      total 32768K, used 22015K [0x00000000f5580000, 0x00000000f9880000, 0x0000000100000000)
  eden space 22016K, 99% used [0x00000000f5580000,0x00000000f6afffd8,0x00000000f6b00000)
  from space 10752K, 0% used [0x00000000f8180000,0x00000000f8180000,0x00000000f8c00000)
  to   space 23040K, 0% used [0x00000000f6b00000,0x00000000f6b00000,0x00000000f8180000)
 ParOldGen       total 349696K, used 349695K [0x00000000e0000000, 0x00000000f5580000, 0x00000000f5580000)
  object space 349696K, 99% used [0x00000000e0000000,0x00000000f557feb0,0x00000000f5580000)
 Metaspace       used 61750K, committed 63040K, reserved 1105920K
  class space    used 6070K, committed 6592K, reserved 1048576K
}
Event: 380.874 GC heap before
{Heap before GC invocations=331 (full 234):
 PSYoungGen      total 32768K, used 22015K [0x00000000f5580000, 0x00000000f9880000, 0x0000000100000000)
  eden space 22016K, 99% used [0x00000000f5580000,0x00000000f6afffd8,0x00000000f6b00000)
  from space 10752K, 0% used [0x00000000f8180000,0x00000000f8180000,0x00000000f8c00000)
  to   space 23040K, 0% used [0x00000000f6b00000,0x00000000f6b00000,0x00000000f8180000)
 ParOldGen       total 349696K, used 349695K [0x00000000e0000000, 0x00000000f5580000, 0x00000000f5580000)
  object space 349696K, 99% used [0x00000000e0000000,0x00000000f557feb0,0x00000000f5580000)
 Metaspace       used 61750K, committed 63040K, reserved 1105920K
  class space    used 6070K, committed 6592K, reserved 1048576K
}
Event: 382.196 GC heap after
{Heap after GC invocations=331 (full 234):
 PSYoungGen      total 45056K, used 22015K [0x00000000f5580000, 0x00000000f9880000, 0x0000000100000000)
  eden space 22016K, 99% used [0x00000000f5580000,0x00000000f6afffd8,0x00000000f6b00000)
  from space 23040K, 0% used [0x00000000f6b00000,0x00000000f6b00000,0x00000000f8180000)
  to   space 10752K, 0% used [0x00000000f8180000,0x00000000f8180000,0x00000000f8c00000)
 ParOldGen       total 349696K, used 349695K [0x00000000e0000000, 0x00000000f5580000, 0x00000000f5580000)
  object space 349696K, 99% used [0x00000000e0000000,0x00000000f557feb0,0x00000000f5580000)
 Metaspace       used 61750K, committed 63040K, reserved 1105920K
  class space    used 6070K, committed 6592K, reserved 1048576K
}
Event: 382.196 GC heap before
{Heap before GC invocations=332 (full 235):
 PSYoungGen      total 45056K, used 22015K [0x00000000f5580000, 0x00000000f9880000, 0x0000000100000000)
  eden space 22016K, 99% used [0x00000000f5580000,0x00000000f6afffd8,0x00000000f6b00000)
  from space 23040K, 0% used [0x00000000f6b00000,0x00000000f6b00000,0x00000000f8180000)
  to   space 10752K, 0% used [0x00000000f8180000,0x00000000f8180000,0x00000000f8c00000)
 ParOldGen       total 349696K, used 349695K [0x00000000e0000000, 0x00000000f5580000, 0x00000000f5580000)
  object space 349696K, 99% used [0x00000000e0000000,0x00000000f557feb0,0x00000000f5580000)
 Metaspace       used 61750K, committed 63040K, reserved 1105920K
  class space    used 6070K, committed 6592K, reserved 1048576K
}
Event: 383.414 GC heap after
{Heap after GC invocations=332 (full 235):
 PSYoungGen      total 32768K, used 22015K [0x00000000f5580000, 0x00000000f9880000, 0x0000000100000000)
  eden space 22016K, 99% used [0x00000000f5580000,0x00000000f6afffd8,0x00000000f6b00000)
  from space 10752K, 0% used [0x00000000f8180000,0x00000000f8180000,0x00000000f8c00000)
  to   space 23040K, 0% used [0x00000000f6b00000,0x00000000f6b00000,0x00000000f8180000)
 ParOldGen       total 349696K, used 349695K [0x00000000e0000000, 0x00000000f5580000, 0x00000000f5580000)
  object space 349696K, 99% used [0x00000000e0000000,0x00000000f557feb0,0x00000000f5580000)
 Metaspace       used 61750K, committed 63040K, reserved 1105920K
  class space    used 6070K, committed 6592K, reserved 1048576K
}

Dll operation events (9 events):
Event: 0.003 Loaded shared library /nix/store/gpxl5qgg8kicmcvivwmybwjlpf7wh20l-graalvm17-ce-22.3.0/lib/libjava.so
Event: 0.010 Loaded shared library /nix/store/gpxl5qgg8kicmcvivwmybwjlpf7wh20l-graalvm17-ce-22.3.0/lib/libjsvml.so
Event: 0.368 Loaded shared library /nix/store/gpxl5qgg8kicmcvivwmybwjlpf7wh20l-graalvm17-ce-22.3.0/lib/libnio.so
Event: 0.375 Loaded shared library /nix/store/gpxl5qgg8kicmcvivwmybwjlpf7wh20l-graalvm17-ce-22.3.0/lib/libzip.so
Event: 0.378 Loaded shared library /nix/store/gpxl5qgg8kicmcvivwmybwjlpf7wh20l-graalvm17-ce-22.3.0/lib/libjvmcicompiler.so
Event: 0.884 Loaded shared library /nix/store/gpxl5qgg8kicmcvivwmybwjlpf7wh20l-graalvm17-ce-22.3.0/lib/libjimage.so
Event: 1.583 Loaded shared library /nix/store/gpxl5qgg8kicmcvivwmybwjlpf7wh20l-graalvm17-ce-22.3.0/lib/libnet.so
Event: 6.274 Loaded shared library /home/runner/.cache/jdt-language-server/config/org.eclipse.equinox.launcher/org.eclipse.equinox.launcher.gtk.linux.x86_64_1.2.400.v20211117-0650/eclipse_11600.so
Event: 16.715 Loaded shared library /nix/store/gpxl5qgg8kicmcvivwmybwjlpf7wh20l-graalvm17-ce-22.3.0/lib/libextnet.so

Deoptimization events (20 events):
Event: 95.983 Thread 0x00007fd5544cdcd0 DEOPT PACKING pc=0x00007fd5a8b4925d sp=0x00007fd56bbfe530
Event: 95.983 Thread 0x00007fd5544cdcd0 DEOPT UNPACKING pc=0x00007fd5a7505325 sp=0x00007fd56bbfda20 mode 0
Event: 95.986 Thread 0x00007fd5544cdcd0 DEOPT PACKING pc=0x00007fd5a8b4925d sp=0x00007fd56bbfe530
Event: 95.986 Thread 0x00007fd5544cdcd0 DEOPT UNPACKING pc=0x00007fd5a7505325 sp=0x00007fd56bbfda20 mode 0
Event: 95.989 Thread 0x00007fd5544cdcd0 DEOPT PACKING pc=0x00007fd5a8b4925d sp=0x00007fd56bbfe530
Event: 95.989 Thread 0x00007fd5544cdcd0 DEOPT UNPACKING pc=0x00007fd5a7505325 sp=0x00007fd56bbfda20 mode 0
Event: 95.999 Thread 0x00007fd5544cdcd0 DEOPT PACKING pc=0x00007fd5a8b4925d sp=0x00007fd56bbfe530
Event: 95.999 Thread 0x00007fd5544cdcd0 DEOPT UNPACKING pc=0x00007fd5a7505325 sp=0x00007fd56bbfda20 mode 0
Event: 96.004 Thread 0x00007fd5544cdcd0 DEOPT PACKING pc=0x00007fd5a8b4925d sp=0x00007fd56bbfe530
Event: 96.004 Thread 0x00007fd5544cdcd0 DEOPT UNPACKING pc=0x00007fd5a7505325 sp=0x00007fd56bbfda20 mode 0
Event: 96.006 Thread 0x00007fd5544cdcd0 DEOPT PACKING pc=0x00007fd5a8b4925d sp=0x00007fd56bbfe530
Event: 96.006 Thread 0x00007fd5544cdcd0 DEOPT UNPACKING pc=0x00007fd5a7505325 sp=0x00007fd56bbfda20 mode 0
Event: 352.877 Thread 0x00007fd5544cdcd0 Uncommon trap: trap_request=0xffffff8f fr.pc=0x00007fd5af060e14 relative=0x0000000000000274
Event: 352.878 Thread 0x00007fd5544cdcd0 Uncommon trap: reason=constraint action=none pc=0x00007fd5af060e14 method=org.eclipse.jdt.internal.core.index.DiskIndex$IntList.add(I)V @ 0 jvmci
Event: 352.878 Thread 0x00007fd5544cdcd0 DEOPT PACKING pc=0x00007fd5af060e14 sp=0x00007fd56bbfe500
Event: 352.878 Thread 0x00007fd5544cdcd0 DEOPT UNPACKING pc=0x00007fd5a7505325 sp=0x00007fd56bbfd9a0 mode 3
Event: 380.873 Thread 0x00007fd5c00b21e0 Uncommon trap: trap_request=0xffffff8f fr.pc=0x00007fd5af03e59b relative=0x000000000000017b
Event: 380.873 Thread 0x00007fd5c00b21e0 Uncommon trap: reason=constraint action=none pc=0x00007fd5af03e59b method=java.io.ByteArrayOutputStream.<init>(I)V @ 0 jvmci
Event: 380.873 Thread 0x00007fd5c00b21e0 DEOPT PACKING pc=0x00007fd5af03e59b sp=0x00007fd5a4c18020
Event: 380.873 Thread 0x00007fd5c00b21e0 DEOPT UNPACKING pc=0x00007fd5a7505325 sp=0x00007fd5a4c174c8 mode 3

Classes unloaded (20 events):
Event: 94.996 Thread 0x00007fd5c00a1c10 Unloading class 0x0000000800ef0000 'jdk/internal/reflect/GeneratedConstructorAccessor8'
Event: 94.996 Thread 0x00007fd5c00a1c10 Unloading class 0x0000000800d99000 'java/lang/invoke/LambdaForm$MH+0x0000000800d99000'
Event: 94.996 Thread 0x00007fd5c00a1c10 Unloading class 0x0000000800d98c00 'java/lang/invoke/LambdaForm$MH+0x0000000800d98c00'
Event: 94.996 Thread 0x00007fd5c00a1c10 Unloading class 0x0000000800d98800 'java/lang/invoke/LambdaForm$MH+0x0000000800d98800'
Event: 94.996 Thread 0x00007fd5c00a1c10 Unloading class 0x0000000800d98400 'java/lang/invoke/LambdaForm$MH+0x0000000800d98400'
Event: 94.996 Thread 0x00007fd5c00a1c10 Unloading class 0x0000000800d98000 'jdk/internal/reflect/GeneratedConstructorAccessor3'
Event: 94.996 Thread 0x00007fd5c00a1c10 Unloading class 0x0000000800d06800 'java/lang/invoke/LambdaForm$MH+0x0000000800d06800'
Event: 94.996 Thread 0x00007fd5c00a1c10 Unloading class 0x0000000800d06000 'java/lang/invoke/LambdaForm$MH+0x0000000800d06000'
Event: 94.996 Thread 0x00007fd5c00a1c10 Unloading class 0x0000000800d05c00 'java/lang/invoke/LambdaForm$MH+0x0000000800d05c00'
Event: 94.996 Thread 0x00007fd5c00a1c10 Unloading class 0x0000000800d05800 'java/lang/invoke/LambdaForm$MH+0x0000000800d05800'
Event: 94.996 Thread 0x00007fd5c00a1c10 Unloading class 0x0000000800d05000 'java/lang/invoke/LambdaForm$MH+0x0000000800d05000'
Event: 94.996 Thread 0x00007fd5c00a1c10 Unloading class 0x0000000800d04c00 'java/lang/invoke/LambdaForm$MH+0x0000000800d04c00'
Event: 94.996 Thread 0x00007fd5c00a1c10 Unloading class 0x0000000800d04800 'java/lang/invoke/LambdaForm$MH+0x0000000800d04800'
Event: 94.996 Thread 0x00007fd5c00a1c10 Unloading class 0x0000000800d04000 'java/lang/invoke/LambdaForm$MH+0x0000000800d04000'
Event: 94.996 Thread 0x00007fd5c00a1c10 Unloading class 0x0000000800c1d000 'jdk/internal/reflect/GeneratedMethodAccessor5'
Event: 94.996 Thread 0x00007fd5c00a1c10 Unloading class 0x0000000800c1cc00 'jdk/internal/reflect/GeneratedMethodAccessor4'
Event: 94.996 Thread 0x00007fd5c00a1c10 Unloading class 0x0000000800c1c800 'jdk/internal/reflect/GeneratedMethodAccessor3'
Event: 94.996 Thread 0x00007fd5c00a1c10 Unloading class 0x0000000800c1c400 'jdk/internal/reflect/GeneratedMethodAccessor2'
Event: 94.996 Thread 0x00007fd5c00a1c10 Unloading class 0x0000000800c1c000 'jdk/internal/reflect/GeneratedMethodAccessor1'
Event: 94.996 Thread 0x00007fd5c00a1c10 Unloading class 0x0000000800c01c00 'java/lang/invoke/LambdaForm$DMH+0x0000000800c01c00'

Classes redefined (0 events):
No events

Internal exceptions (20 events):
Event: 60.275 Thread 0x00007fd5440010d0 Exception <a 'java/lang/NoSuchMethodError'{0x00000000f5efd260}: 'java.lang.Object java.lang.invoke.DirectMethodHandle$Holder.invokeSpecial(java.lang.Object, java.lang.Object, java.lang.Object, int, java.lang.Object, java.lang.Object)'> (0x00000000f5efd260) 
thrown [src/hotspot/share/interpreter/linkResolver.cpp, line 758]
Event: 60.471 Thread 0x00007fd5440010d0 Exception <a 'java/lang/NoSuchMethodError'{0x00000000f61f3d70}: 'java.lang.Object java.lang.invoke.DirectMethodHandle$Holder.newInvokeSpecial(java.lang.Object, java.lang.Object, java.lang.Object, int, java.lang.Object)'> (0x00000000f61f3d70) 
thrown [src/hotspot/share/interpreter/linkResolver.cpp, line 758]
Event: 60.471 Thread 0x00007fd5440010d0 Exception <a 'java/lang/NoSuchMethodError'{0x00000000f61f7f20}: 'java.lang.Object java.lang.invoke.DirectMethodHandle$Holder.invokeSpecial(java.lang.Object, java.lang.Object, java.lang.Object, java.lang.Object, int, java.lang.Object)'> (0x00000000f61f7f20) 
thrown [src/hotspot/share/interpreter/linkResolver.cpp, line 758]
Event: 60.472 Thread 0x00007fd5440010d0 Exception <a 'java/lang/NoSuchMethodError'{0x00000000f61fba08}: 'java.lang.Object java.lang.invoke.Invokers$Holder.linkToTargetMethod(java.lang.Object, java.lang.Object, int, java.lang.Object, java.lang.Object)'> (0x00000000f61fba08) 
thrown [src/hotspot/share/interpreter/linkResolver.cpp, line 758]
Event: 64.387 Thread 0x00007fd52c180740 Exception <a 'java/lang/NoSuchMethodError'{0x00000000f76b2a38}: 'java.lang.Object java.lang.invoke.DirectMethodHandle$Holder.invokeStatic(java.lang.Object, int, java.lang.Object, java.lang.Object, java.lang.Object, java.lang.Object)'> (0x00000000f76b2a38) 
thrown [src/hotspot/share/interpreter/linkResolver.cpp, line 758]
Event: 64.387 Thread 0x00007fd52c180740 Exception <a 'java/lang/NoSuchMethodError'{0x00000000f76bb198}: 'java.lang.Object java.lang.invoke.DirectMethodHandle$Holder.newInvokeSpecial(java.lang.Object, int, java.lang.Object, java.lang.Object, java.lang.Object)'> (0x00000000f76bb198) 
thrown [src/hotspot/share/interpreter/linkResolver.cpp, line 758]
Event: 64.972 Thread 0x00007fd52c180740 Exception <a 'java/lang/NoSuchMethodError'{0x00000000f6a1cca0}: 'void java.lang.invoke.DirectMethodHandle$Holder.invokeSpecial(java.lang.Object, java.lang.Object, int)'> (0x00000000f6a1cca0) 
thrown [src/hotspot/share/interpreter/linkResolver.cpp, line 758]
Event: 66.071 Thread 0x00007fd52c180740 Exception <a 'java/lang/NoSuchMethodError'{0x00000000f7554d28}: 'int java.lang.invoke.DirectMethodHandle$Holder.invokeSpecialIFC(java.lang.Object, java.lang.Object, java.lang.Object, java.lang.Object)'> (0x00000000f7554d28) 
thrown [src/hotspot/share/interpreter/linkResolver.cpp, line 758]
Event: 68.830 Thread 0x00007fd52c185f50 Exception <a 'java/lang/ArrayIndexOutOfBoundsException'{0x00000000f6ba67b0}: Index 521 out of bounds for length 521> (0x00000000f6ba67b0) 
thrown [src/hotspot/share/interpreter/interpreterRuntime.cpp, line 428]
Event: 68.830 Thread 0x00007fd52c185f50 Exception <a 'java/lang/ArrayIndexOutOfBoundsException'{0x00000000f6ba6c28}: Index 521 out of bounds for length 521> (0x00000000f6ba6c28) 
thrown [src/hotspot/share/interpreter/interpreterRuntime.cpp, line 428]
Event: 68.830 Thread 0x00007fd52c185f50 Exception <a 'java/lang/ArrayIndexOutOfBoundsException'{0x00000000f6ba6f98}: Index 522 out of bounds for length 521> (0x00000000f6ba6f98) 
thrown [src/hotspot/share/interpreter/interpreterRuntime.cpp, line 428]
Event: 334.709 Thread 0x00007fd528000ff0 Exception <a 'java/lang/OutOfMemoryError'{0x00000000e0008b78}> (0x00000000e0008b78) 
thrown [src/hotspot/share/gc/shared/memAllocator.cpp, line 136]
Event: 350.508 Thread 0x00007fd5544cdcd0 Exception <a 'java/lang/OutOfMemoryError'{0x00000000e0009118}> (0x00000000e0009118) 
thrown [src/hotspot/share/gc/shared/memAllocator.cpp, line 138]
Event: 352.877 Thread 0x00007fd5544cdcd0 Implicit null exception at 0x00007fd5af060d6d to 0x00007fd5af060df9
Event: 352.878 Thread 0x00007fd528000ff0 Exception <a 'java/lang/OutOfMemoryError'{0x00000000e0009438}> (0x00000000e0009438) 
thrown [src/hotspot/share/gc/shared/memAllocator.cpp, line 136]
Event: 367.720 Thread 0x00007fd52041cbe0 Exception <a 'java/lang/OutOfMemoryError'{0x00000000e0008e98}> (0x00000000e0008e98) 
thrown [src/hotspot/share/gc/shared/memAllocator.cpp, line 136]
Event: 371.405 Thread 0x00007fd52041cbe0 Exception <a 'java/lang/OutOfMemoryError'{0x00000000e0008e98}> (0x00000000e0008e98) 
thrown [src/hotspot/share/gc/shared/memAllocator.cpp, line 136]
Event: 380.873 Thread 0x00007fd5c00b21e0 Exception <a 'java/lang/OutOfMemoryError'{0x00000000e0008b78}> (0x00000000e0008b78) 
thrown [src/hotspot/share/gc/shared/memAllocator.cpp, line 138]
Event: 380.873 Thread 0x00007fd5c00b21e0 Implicit null exception at 0x00007fd5af03e551 to 0x00007fd5af03e580
Event: 383.414 Thread 0x00007fd5c00b21e0 Exception <a 'java/lang/OutOfMemoryError'{0x00000000e0008e98}> (0x00000000e0008e98) 
thrown [src/hotspot/share/gc/shared/memAllocator.cpp, line 136]

VM Operations (20 events):
Event: 367.720 Executing VM operation: ParallelGCFailedAllocation
Event: 368.904 Executing VM operation: ParallelGCFailedAllocation done
Event: 368.905 Executing VM operation: ParallelGCFailedAllocation
Event: 371.405 Executing VM operation: ParallelGCFailedAllocation done
Event: 371.405 Executing VM operation: ParallelGCFailedAllocation
Event: 372.467 Executing VM operation: ParallelGCFailedAllocation done
Event: 372.467 Executing VM operation: ParallelGCFailedAllocation
Event: 373.593 Executing VM operation: ParallelGCFailedAllocation done
Event: 373.593 Executing VM operation: ParallelGCFailedAllocation
Event: 374.673 Executing VM operation: ParallelGCFailedAllocation done
Event: 374.673 Executing VM operation: ParallelGCFailedAllocation
Event: 375.794 Executing VM operation: ParallelGCFailedAllocation done
Event: 375.795 Executing VM operation: ParallelGCFailedAllocation
Event: 377.078 Executing VM operation: ParallelGCFailedAllocation done
Event: 377.078 Executing VM operation: ParallelGCFailedAllocation
Event: 378.281 Executing VM operation: ParallelGCFailedAllocation done
Event: 378.282 Executing VM operation: ParallelGCFailedAllocation
Event: 380.873 Executing VM operation: ParallelGCFailedAllocation done
Event: 380.874 Executing VM operation: ParallelGCFailedAllocation
Event: 383.414 Executing VM operation: ParallelGCFailedAllocation done

Events (20 events):
Event: 66.269 Thread 0x00007fd52c180740 Thread exited: 0x00007fd52c180740
Event: 68.337 Thread 0x00007fd52c184660 Thread added: 0x00007fd52c184660
Event: 68.372 Protecting memory [0x00007fd56b600000,0x00007fd56b604000] with protection modes 0
Event: 68.468 Thread 0x00007fd52c185f50 Thread added: 0x00007fd52c185f50
Event: 68.476 Protecting memory [0x00007fd56b400000,0x00007fd56b404000] with protection modes 0
Event: 73.717 loading class java/util/stream/ReferencePipeline$4
Event: 73.717 loading class java/util/stream/ReferencePipeline$4 done
Event: 73.769 loading class java/util/stream/Nodes$IntFixedNodeBuilder
Event: 73.769 loading class java/util/stream/Node$Builder$OfInt
Event: 73.769 loading class java/util/stream/Node$Builder$OfInt done
Event: 73.769 loading class java/util/stream/Nodes$IntArrayNode
Event: 73.769 loading class java/util/stream/Nodes$IntArrayNode done
Event: 73.769 loading class java/util/stream/Nodes$IntFixedNodeBuilder done
Event: 73.769 loading class java/util/stream/ReferencePipeline$4$1
Event: 73.769 loading class java/util/stream/ReferencePipeline$4$1 done
Event: 74.568 Thread 0x00007fd5c00b4750 flushing nmethod 0x00007fd5a88c2d10
Event: 104.802 Thread 0x00007fd5240046f0 Thread exited: 0x00007fd5240046f0
Event: 141.569 Thread 0x00007fd5440010d0 Thread exited: 0x00007fd5440010d0
Event: 151.502 Thread 0x00007fd5380010f0 Thread exited: 0x00007fd5380010f0
Event: 151.502 Thread 0x00007fd548001580 Thread exited: 0x00007fd548001580


Dynamic libraries:
e0000000-f5580000 rw-p 00000000 00:00 0 
f5580000-f9880000 rw-p 00000000 00:00 0 
f9880000-100000000 ---p 00000000 00:00 0 
800000000-800449000 rw-p 00001000 00:1484 4611686019135357769            /nix/store/gpxl5qgg8kicmcvivwmybwjlpf7wh20l-graalvm17-ce-22.3.0/lib/server/classes.jsa
800449000-800bc8000 r--p 0044a000 00:1484 4611686019135357769            /nix/store/gpxl5qgg8kicmcvivwmybwjlpf7wh20l-graalvm17-ce-22.3.0/lib/server/classes.jsa
800bc8000-800c00000 ---p 00000000 00:00 0 
800c00000-800c20000 rw-p 00000000 00:00 0 
800c20000-800c40000 rw-p 00000000 00:00 0 
800c40000-800cc0000 rw-p 00000000 00:00 0 
800cc0000-800d00000 rw-p 00000000 00:00 0 
800d00000-800dc0000 rw-p 00000000 00:00 0 
800dc0000-800e00000 rw-p 00000000 00:00 0 
800e00000-800f40000 rw-p 00000000 00:00 0 
800f40000-801000000 rw-p 00000000 00:00 0 
801000000-801270000 rw-p 00000000 00:00 0 
801270000-840c00000 ---p 00000000 00:00 0 
55b2d52bf000-55b2d52c0000 r-xp 00000000 00:1484 4611686019099417844      /nix/store/gpxl5qgg8kicmcvivwmybwjlpf7wh20l-graalvm17-ce-22.3.0/bin/.java-wrapped
55b2d52c1000-55b2d52c2000 r--p 00001000 00:1484 4611686019099417844      /nix/store/gpxl5qgg8kicmcvivwmybwjlpf7wh20l-graalvm17-ce-22.3.0/bin/.java-wrapped
55b2d52c2000-55b2d52c3000 rw-p 00002000 00:1484 4611686019099417844      /nix/store/gpxl5qgg8kicmcvivwmybwjlpf7wh20l-graalvm17-ce-22.3.0/bin/.java-wrapped
55b2d52c3000-55b2d52c4000 rw-p 00004000 00:1484 4611686019099417844      /nix/store/gpxl5qgg8kicmcvivwmybwjlpf7wh20l-graalvm17-ce-22.3.0/bin/.java-wrapped
55b2d52c4000-55b2d52c5000 rw-p 00005000 00:1484 4611686019099417844      /nix/store/gpxl5qgg8kicmcvivwmybwjlpf7wh20l-graalvm17-ce-22.3.0/bin/.java-wrapped
55b2d6da1000-55b2d6de9000 rw-p 00000000 00:00 0                          [heap]
7fd4f8000000-7fd4f8097000 rw-p 00000000 00:00 0 
7fd4f8097000-7fd4fc000000 ---p 00000000 00:00 0 
7fd500000000-7fd500021000 rw-p 00000000 00:00 0 
7fd500021000-7fd504000000 ---p 00000000 00:00 0 
7fd504000000-7fd50413e000 rw-p 00000000 00:00 0 
7fd50413e000-7fd508000000 ---p 00000000 00:00 0 
7fd508000000-7fd508021000 rw-p 00000000 00:00 0 
7fd508021000-7fd50c000000 ---p 00000000 00:00 0 
7fd50c000000-7fd50c021000 rw-p 00000000 00:00 0 
7fd50c021000-7fd510000000 ---p 00000000 00:00 0 
7fd510000000-7fd510021000 rw-p 00000000 00:00 0 
7fd510021000-7fd514000000 ---p 00000000 00:00 0 
7fd5164b3000-7fd520000000 r--s 00000000 00:1484 4611686019135192581      /nix/store/gpxl5qgg8kicmcvivwmybwjlpf7wh20l-graalvm17-ce-22.3.0/lib/modules
7fd520000000-7fd5204dc000 rw-p 00000000 00:00 0 
7fd5204dc000-7fd524000000 ---p 00000000 00:00 0 
7fd524000000-7fd524021000 rw-p 00000000 00:00 0 
7fd524021000-7fd528000000 ---p 00000000 00:00 0 
7fd528000000-7fd5280ef000 rw-p 00000000 00:00 0 
7fd5280ef000-7fd52c000000 ---p 00000000 00:00 0 
7fd52c000000-7fd52c18e000 rw-p 00000000 00:00 0 
7fd52c18e000-7fd530000000 ---p 00000000 00:00 0 
7fd530000000-7fd530021000 rw-p 00000000 00:00 0 
7fd530021000-7fd534000000 ---p 00000000 00:00 0 
7fd534000000-7fd534021000 rw-p 00000000 00:00 0 
7fd534021000-7fd538000000 ---p 00000000 00:00 0 
7fd538000000-7fd538324000 rw-p 00000000 00:00 0 
7fd538324000-7fd53c000000 ---p 00000000 00:00 0 
7fd53c000000-7fd53c05c000 rw-p 00000000 00:00 0 
7fd53c05c000-7fd540000000 ---p 00000000 00:00 0 
7fd540000000-7fd540021000 rw-p 00000000 00:00 0 
7fd540021000-7fd544000000 ---p 00000000 00:00 0 
7fd544000000-7fd544058000 rw-p 00000000 00:00 0 
7fd544058000-7fd548000000 ---p 00000000 00:00 0 
7fd548000000-7fd54818b000 rw-p 00000000 00:00 0 
7fd54818b000-7fd54c000000 ---p 00000000 00:00 0 
7fd54c000000-7fd54c021000 rw-p 00000000 00:00 0 
7fd54c021000-7fd550000000 ---p 00000000 00:00 0 
7fd550800000-7fd550b60000 rw-p 00000000 00:00 0 
7fd550b60000-7fd550c00000 ---p 00000000 00:00 0 
7fd550c00000-7fd550fc0000 rw-p 00000000 00:00 0 
7fd550fc0000-7fd551000000 ---p 00000000 00:00 0 
7fd551800000-7fd551de0000 rw-p 00000000 00:00 0 
7fd551de0000-7fd552000000 rw-p 00000000 00:00 0 
7fd552000000-7fd552180000 rw-p 00000000 00:00 0 
7fd552180000-7fd552200000 rw-p 00000000 00:00 0 
7fd552200000-7fd552500000 rw-p 00000000 00:00 0 
7fd552500000-7fd552600000 rw-p 00000000 00:00 0 
7fd552600000-7fd552800000 rw-p 00000000 00:00 0 
7fd552800000-7fd552900000 rw-p 00000000 00:00 0 
7fd552900000-7fd552b00000 rw-p 00000000 00:00 0 
7fd552b00000-7fd552d00000 rw-p 00000000 00:00 0 
7fd552d00000-7fd552e00000 rw-p 00000000 00:00 0 
7fd552e00000-7fd553000000 rw-p 00000000 00:00 0 
7fd553000000-7fd553100000 rw-p 00000000 00:00 0 
7fd553100000-7fd553200000 rw-p 00000000 00:00 0 
7fd553200000-7fd553800000 rw-p 00000000 00:00 0 
7fd553800000-7fd553900000 rw-p 00000000 00:00 0 
7fd553900000-7fd553a00000 rw-p 00000000 00:00 0 
7fd553a00000-7fd553f00000 rw-p 00000000 00:00 0 
7fd553f00000-7fd554000000 rw-p 00000000 00:00 0 
7fd554000000-7fd554904000 rw-p 00000000 00:00 0 
7fd554904000-7fd558000000 ---p 00000000 00:00 0 
7fd558000000-7fd558025000 rw-p 00000000 00:00 0 
7fd558025000-7fd55c000000 ---p 00000000 00:00 0 
7fd55c000000-7fd55c021000 rw-p 00000000 00:00 0 
7fd55c021000-7fd560000000 ---p 00000000 00:00 0 
7fd560000000-7fd560021000 rw-p 00000000 00:00 0 
7fd560021000-7fd564000000 ---p 00000000 00:00 0 
7fd564000000-7fd564031000 rw-p 00000000 00:00 0 
7fd564031000-7fd568000000 ---p 00000000 00:00 0 
7fd568600000-7fd568610000 r-xp 00000000 00:1481 356                      /home/runner/.cache/jdt-language-server/config/org.eclipse.equinox.launcher/org.eclipse.equinox.launcher.gtk.linux.x86_64_1.2.400.v20211117-0650/eclipse_11600.so
7fd568610000-7fd56880f000 ---p 00010000 00:1481 356                      /home/runner/.cache/jdt-language-server/config/org.eclipse.equinox.launcher/org.eclipse.equinox.launcher.gtk.linux.x86_64_1.2.400.v20211117-0650/eclipse_11600.so
7fd56880f000-7fd568810000 r--p 0000f000 00:1481 356                      /home/runner/.cache/jdt-language-server/config/org.eclipse.equinox.launcher/org.eclipse.equinox.launcher.gtk.linux.x86_64_1.2.400.v20211117-0650/eclipse_11600.so
7fd568810000-7fd568811000 rw-p 00010000 00:1481 356                      /home/runner/.cache/jdt-language-server/config/org.eclipse.equinox.launcher/org.eclipse.equinox.launcher.gtk.linux.x86_64_1.2.400.v20211117-0650/eclipse_11600.so
7fd569d00000-7fd569e00000 ---p 00000000 00:00 0 
7fd569e00000-7fd56a3af000 r--p 01122000 00:1484 4611686019135190040      /nix/store/gpxl5qgg8kicmcvivwmybwjlpf7wh20l-graalvm17-ce-22.3.0/lib/libjvmcicompiler.so
7fd56a3af000-7fd56a500000 r--p 00000000 00:00 0 
7fd56a500000-7fd56a53d000 rw-p 00000000 00:00 0 
7fd56a53d000-7fd56aa5d000 rw-p 0185f000 00:1484 4611686019135190040      /nix/store/gpxl5qgg8kicmcvivwmybwjlpf7wh20l-graalvm17-ce-22.3.0/lib/libjvmcicompiler.so
7fd56aa5d000-7fd56ae44000 r--p 01d7f000 00:1484 4611686019135190040      /nix/store/gpxl5qgg8kicmcvivwmybwjlpf7wh20l-graalvm17-ce-22.3.0/lib/libjvmcicompiler.so
7fd56af00000-7fd56af04000 ---p 00000000 00:00 0 
7fd56af04000-7fd56b000000 rw-p 00000000 00:00 0 
7fd56b100000-7fd56b104000 ---p 00000000 00:00 0 
7fd56b104000-7fd56b200000 rw-p 00000000 00:00 0 
7fd56b300000-7fd56b304000 ---p 00000000 00:00 0 
7fd56b304000-7fd56b400000 rw-p 00000000 00:00 0 
7fd56b400000-7fd56b404000 ---p 00000000 00:00 0 
7fd56b404000-7fd56b500000 rw-p 00000000 00:00 0 
7fd56b500000-7fd56b504000 ---p 00000000 00:00 0 
7fd56b504000-7fd56b600000 rw-p 00000000 00:00 0 
7fd56b600000-7fd56b604000 ---p 00000000 00:00 0 
7fd56b604000-7fd56b700000 rw-p 00000000 00:00 0 
7fd56b700000-7fd56b704000 ---p 00000000 00:00 0 
7fd56b704000-7fd56b800000 rw-p 00000000 00:00 0 
7fd56b800000-7fd56b804000 ---p 00000000 00:00 0 
7fd56b804000-7fd56b900000 rw-p 00000000 00:00 0 
7fd56b900000-7fd56b904000 ---p 00000000 00:00 0 
7fd56b904000-7fd56ba00000 rw-p 00000000 00:00 0 
7fd56ba00000-7fd56ba04000 ---p 00000000 00:00 0 
7fd56ba04000-7fd56bb00000 rw-p 00000000 00:00 0 
7fd56bb00000-7fd56bb04000 ---p 00000000 00:00 0 
7fd56bb04000-7fd56bc00000 rw-p 00000000 00:00 0 
7fd56bc00000-7fd56bc04000 ---p 00000000 00:00 0 
7fd56bc04000-7fd56bd00000 rw-p 00000000 00:00 0 
7fd56bd00000-7fd56bd04000 ---p 00000000 00:00 0 
7fd56bd04000-7fd56be00000 rw-p 00000000 00:00 0 
7fd56be00000-7fd56be04000 ---p 00000000 00:00 0 
7fd56be04000-7fd56bf00000 rw-p 00000000 00:00 0 
7fd56bf00000-7fd56bf04000 ---p 00000000 00:00 0 
7fd56bf04000-7fd56c000000 rw-p 00000000 00:00 0 
7fd56c000000-7fd56c004000 ---p 00000000 00:00 0 
7fd56c004000-7fd56c100000 rw-p 00000000 00:00 0 
7fd56c100000-7fd56c104000 ---p 00000000 00:00 0 
7fd56c104000-7fd56c200000 rw-p 00000000 00:00 0 
7fd56c300000-7fd56c304000 ---p 00000000 00:00 0 
7fd56c304000-7fd56c400000 rw-p 00000000 00:00 0 
7fd56c500000-7fd56c504000 ---p 00000000 00:00 0 
7fd56c504000-7fd56c600000 rw-p 00000000 00:00 0 
7fd56c700000-7fd56c704000 ---p 00000000 00:00 0 
7fd56c704000-7fd56c800000 rw-p 00000000 00:00 0 
7fd56c900000-7fd56c904000 ---p 00000000 00:00 0 
7fd56c904000-7fd56ca00000 rw-p 00000000 00:00 0 
7fd56d668000-7fd56db00000 rw-p 00000000 00:00 0 
7fd56dc00000-7fd56fd6a000 r-xp 00000000 00:1484 4611686019135190040      /nix/store/gpxl5qgg8kicmcvivwmybwjlpf7wh20l-graalvm17-ce-22.3.0/lib/libjvmcicompiler.so
7fd56fd6a000-7fd56ff69000 ---p 0216a000 00:1484 4611686019135190040      /nix/store/gpxl5qgg8kicmcvivwmybwjlpf7wh20l-graalvm17-ce-22.3.0/lib/libjvmcicompiler.so
7fd56ff69000-7fd56ff6a000 r--p 02169000 00:1484 4611686019135190040      /nix/store/gpxl5qgg8kicmcvivwmybwjlpf7wh20l-graalvm17-ce-22.3.0/lib/libjvmcicompiler.so
7fd56ff6a000-7fd56ff6c000 rw-p 0216a000 00:1484 4611686019135190040      /nix/store/gpxl5qgg8kicmcvivwmybwjlpf7wh20l-graalvm17-ce-22.3.0/lib/libjvmcicompiler.so
7fd56ff6c000-7fd56ff6d000 rw-p 00000000 00:00 0 
7fd56ff6d000-7fd56ff72000 rw-p 023c3000 00:1484 4611686019135190040      /nix/store/gpxl5qgg8kicmcvivwmybwjlpf7wh20l-graalvm17-ce-22.3.0/lib/libjvmcicompiler.so
7fd570000000-7fd570021000 rw-p 00000000 00:00 0 
7fd570021000-7fd574000000 ---p 00000000 00:00 0 
7fd574000000-7fd574021000 rw-p 00000000 00:00 0 
7fd574021000-7fd578000000 ---p 00000000 00:00 0 
7fd578000000-7fd578021000 rw-p 00000000 00:00 0 
7fd578021000-7fd57c000000 ---p 00000000 00:00 0 
7fd57c000000-7fd57c021000 rw-p 00000000 00:00 0 
7fd57c021000-7fd580000000 ---p 00000000 00:00 0 
7fd580000000-7fd5800d0000 rw-p 00000000 00:00 0 
7fd5800d0000-7fd584000000 ---p 00000000 00:00 0 
7fd584000000-7fd584be0000 rw-p 00000000 00:00 0 
7fd584be0000-7fd588000000 ---p 00000000 00:00 0 
7fd588000000-7fd588021000 rw-p 00000000 00:00 0 
7fd588021000-7fd58c000000 ---p 00000000 00:00 0 
7fd58c000000-7fd58c021000 rw-p 00000000 00:00 0 
7fd58c021000-7fd590000000 ---p 00000000 00:00 0 
7fd590000000-7fd590021000 rw-p 00000000 00:00 0 
7fd590021000-7fd594000000 ---p 00000000 00:00 0 
7fd594000000-7fd594021000 rw-p 00000000 00:00 0 
7fd594021000-7fd598000000 ---p 00000000 00:00 0 
7fd598000000-7fd598021000 rw-p 00000000 00:00 0 
7fd598021000-7fd59c000000 ---p 00000000 00:00 0 
7fd59c000000-7fd59c021000 rw-p 00000000 00:00 0 
7fd59c021000-7fd5a0000000 ---p 00000000 00:00 0 
7fd5a0000000-7fd5a0057000 rw-p 00000000 00:00 0 
7fd5a0057000-7fd5a4000000 ---p 00000000 00:00 0 
7fd5a4000000-7fd5a4004000 ---p 00000000 00:00 0 
7fd5a4004000-7fd5a4100000 rw-p 00000000 00:00 0 
7fd5a4200000-7fd5a4204000 ---p 00000000 00:00 0 
7fd5a4204000-7fd5a4300000 rw-p 00000000 00:00 0 
7fd5a4418000-7fd5a4419000 ---p 00000000 00:00 0 
7fd5a4419000-7fd5a451a000 rw-p 00000000 00:00 0 
7fd5a451a000-7fd5a451e000 ---p 00000000 00:00 0 
7fd5a451e000-7fd5a461a000 rw-p 00000000 00:00 0 
7fd5a461a000-7fd5a461e000 ---p 00000000 00:00 0 
7fd5a461e000-7fd5a471a000 rw-p 00000000 00:00 0 
7fd5a471a000-7fd5a471e000 ---p 00000000 00:00 0 
7fd5a471e000-7fd5a481a000 rw-p 00000000 00:00 0 
7fd5a481a000-7fd5a481e000 ---p 00000000 00:00 0 
7fd5a481e000-7fd5a4a1a000 rw-p 00000000 00:00 0 
7fd5a4a1a000-7fd5a4a1e000 ---p 00000000 00:00 0 
7fd5a4a1e000-7fd5a4c1a000 rw-p 00000000 00:00 0 
7fd5a4c1a000-7fd5a4c1e000 ---p 00000000 00:00 0 
7fd5a4c1e000-7fd5a4d1a000 rw-p 00000000 00:00 0 
7fd5a4d1a000-7fd5a4d1e000 ---p 00000000 00:00 0 
7fd5a4d1e000-7fd5a4e1a000 rw-p 00000000 00:00 0 
7fd5a4e1a000-7fd5a4e1e000 ---p 00000000 00:00 0 
7fd5a4e1e000-7fd5a4f1a000 rw-p 00000000 00:00 0 
7fd5a4f1a000-7fd5a5200000 r--p 00000000 00:1474 28444448                 /usr/lib/locale/locale-archive
7fd5a5200000-7fd5a5204000 ---p 00000000 00:00 0 
7fd5a5204000-7fd5a5300000 rw-p 00000000 00:00 0 
7fd5a5300000-7fd5a5304000 ---p 00000000 00:00 0 
7fd5a5304000-7fd5a5800000 rw-p 00000000 00:00 0 
7fd5a5800000-7fd5a5b00000 rw-p 00000000 00:00 0 
7fd5a5b00000-7fd5a5c00000 rw-p 00000000 00:00 0 
7fd5a5cb9000-7fd5a5cbd000 ---p 00000000 00:00 0 
7fd5a5cbd000-7fd5a5cdb000 rw-p 00000000 00:00 0 
7fd5a5cdb000-7fd5a5cdc000 ---p 00000000 00:00 0 
7fd5a5cdc000-7fd5a5ddd000 rw-p 00000000 00:00 0 
7fd5a5ddd000-7fd5a5eab000 r-xp 00000000 00:1484 4611686019135190036      /nix/store/gpxl5qgg8kicmcvivwmybwjlpf7wh20l-graalvm17-ce-22.3.0/lib/libjsvml.so
7fd5a5eab000-7fd5a5eac000 r--p 000cd000 00:1484 4611686019135190036      /nix/store/gpxl5qgg8kicmcvivwmybwjlpf7wh20l-graalvm17-ce-22.3.0/lib/libjsvml.so
7fd5a5eac000-7fd5a5ead000 rw-p 000ce000 00:1484 4611686019135190036      /nix/store/gpxl5qgg8kicmcvivwmybwjlpf7wh20l-graalvm17-ce-22.3.0/lib/libjsvml.so
7fd5a5ead000-7fd5a74b3000 rw-p 00000000 00:00 0 
7fd5a74b3000-7fd5a7723000 rwxp 00000000 00:00 0 
7fd5a7723000-7fd5a7a42000 ---p 00000000 00:00 0 
7fd5a7a42000-7fd5a8b52000 rwxp 00000000 00:00 0 
7fd5a8b52000-7fd5aef7a000 ---p 00000000 00:00 0 
7fd5aef7a000-7fd5af1ea000 rwxp 00000000 00:00 0 
7fd5af1ea000-7fd5b64b3000 ---p 00000000 00:00 0 
7fd5b64b3000-7fd5c0000000 r--s 00000000 00:1484 4611686019135192581      /nix/store/gpxl5qgg8kicmcvivwmybwjlpf7wh20l-graalvm17-ce-22.3.0/lib/modules
7fd5c0000000-7fd5c0621000 rw-p 00000000 00:00 0 
7fd5c0621000-7fd5c4000000 ---p 00000000 00:00 0 
7fd5c4012000-7fd5c4014000 r-xp 00000000 00:1484 4611686019135190017      /nix/store/gpxl5qgg8kicmcvivwmybwjlpf7wh20l-graalvm17-ce-22.3.0/lib/libextnet.so
7fd5c4014000-7fd5c4015000 r--p 00001000 00:1484 4611686019135190017      /nix/store/gpxl5qgg8kicmcvivwmybwjlpf7wh20l-graalvm17-ce-22.3.0/lib/libextnet.so
7fd5c4015000-7fd5c4016000 rw-p 00002000 00:1484 4611686019135190017      /nix/store/gpxl5qgg8kicmcvivwmybwjlpf7wh20l-graalvm17-ce-22.3.0/lib/libextnet.so
7fd5c4016000-7fd5c4017000 rw-p 00004000 00:1484 4611686019135190017      /nix/store/gpxl5qgg8kicmcvivwmybwjlpf7wh20l-graalvm17-ce-22.3.0/lib/libextnet.so
7fd5c4017000-7fd5c401e000 r-xp 00000000 00:1484 4611686019135192580      /nix/store/gpxl5qgg8kicmcvivwmybwjlpf7wh20l-graalvm17-ce-22.3.0/lib/libzip.so
7fd5c401e000-7fd5c401f000 ---p 00007000 00:1484 4611686019135192580      /nix/store/gpxl5qgg8kicmcvivwmybwjlpf7wh20l-graalvm17-ce-22.3.0/lib/libzip.so
7fd5c401f000-7fd5c4020000 r--p 00007000 00:1484 4611686019135192580      /nix/store/gpxl5qgg8kicmcvivwmybwjlpf7wh20l-graalvm17-ce-22.3.0/lib/libzip.so
7fd5c4020000-7fd5c4021000 rw-p 00008000 00:1484 4611686019135192580      /nix/store/gpxl5qgg8kicmcvivwmybwjlpf7wh20l-graalvm17-ce-22.3.0/lib/libzip.so
7fd5c4021000-7fd5c4023000 rw-p 0000b000 00:1484 4611686019135192580      /nix/store/gpxl5qgg8kicmcvivwmybwjlpf7wh20l-graalvm17-ce-22.3.0/lib/libzip.so
7fd5c4023000-7fd5c4038000 r-xp 00000000 00:1484 4611686019135192570      /nix/store/gpxl5qgg8kicmcvivwmybwjlpf7wh20l-graalvm17-ce-22.3.0/lib/libnet.so
7fd5c4038000-7fd5c4039000 ---p 00015000 00:1484 4611686019135192570      /nix/store/gpxl5qgg8kicmcvivwmybwjlpf7wh20l-graalvm17-ce-22.3.0/lib/libnet.so
7fd5c4039000-7fd5c403a000 r--p 00015000 00:1484 4611686019135192570      /nix/store/gpxl5qgg8kicmcvivwmybwjlpf7wh20l-graalvm17-ce-22.3.0/lib/libnet.so
7fd5c403a000-7fd5c403b000 rw-p 00016000 00:1484 4611686019135192570      /nix/store/gpxl5qgg8kicmcvivwmybwjlpf7wh20l-graalvm17-ce-22.3.0/lib/libnet.so
7fd5c403b000-7fd5c403e000 rw-p 0001b000 00:1484 4611686019135192570      /nix/store/gpxl5qgg8kicmcvivwmybwjlpf7wh20l-graalvm17-ce-22.3.0/lib/libnet.so
7fd5c403e000-7fd5c4051000 r-xp 00000000 00:1484 4611686019135192571      /nix/store/gpxl5qgg8kicmcvivwmybwjlpf7wh20l-graalvm17-ce-22.3.0/lib/libnio.so
7fd5c4051000-7fd5c4052000 r--p 00012000 00:1484 4611686019135192571      /nix/store/gpxl5qgg8kicmcvivwmybwjlpf7wh20l-graalvm17-ce-22.3.0/lib/libnio.so
7fd5c4052000-7fd5c4053000 rw-p 00013000 00:1484 4611686019135192571      /nix/store/gpxl5qgg8kicmcvivwmybwjlpf7wh20l-graalvm17-ce-22.3.0/lib/libnio.so
7fd5c4053000-7fd5c4058000 rw-p 00019000 00:1484 4611686019135192571      /nix/store/gpxl5qgg8kicmcvivwmybwjlpf7wh20l-graalvm17-ce-22.3.0/lib/libnio.so
7fd5c4058000-7fd5c432a000 rw-p 00000000 00:00 0 
7fd5c432a000-7fd5c432b000 ---p 00000000 00:00 0 
7fd5c432b000-7fd5c44d6000 rw-p 00000000 00:00 0 
7fd5c44d6000-7fd5c44f9000 rw-p 00000000 00:00 0 
7fd5c44f9000-7fd5c452c000 ---p 00000000 00:00 0 
7fd5c452c000-7fd5c4532000 rw-p 00000000 00:00 0 
7fd5c4532000-7fd5c4618000 ---p 00000000 00:00 0 
7fd5c4618000-7fd5c463b000 rw-p 00000000 00:00 0 
7fd5c463b000-7fd5c4703000 ---p 00000000 00:00 0 
7fd5c4703000-7fd5c4708000 rw-p 00000000 00:00 0 
7fd5c4708000-7fd5c470f000 ---p 00000000 00:00 0 
7fd5c470f000-7fd5c4733000 r-xp 00000000 00:1484 4611686019135190028      /nix/store/gpxl5qgg8kicmcvivwmybwjlpf7wh20l-graalvm17-ce-22.3.0/lib/libjava.so
7fd5c4733000-7fd5c4734000 ---p 00024000 00:1484 4611686019135190028      /nix/store/gpxl5qgg8kicmcvivwmybwjlpf7wh20l-graalvm17-ce-22.3.0/lib/libjava.so
7fd5c4734000-7fd5c4735000 r--p 00024000 00:1484 4611686019135190028      /nix/store/gpxl5qgg8kicmcvivwmybwjlpf7wh20l-graalvm17-ce-22.3.0/lib/libjava.so
7fd5c4735000-7fd5c4736000 rw-p 00025000 00:1484 4611686019135190028      /nix/store/gpxl5qgg8kicmcvivwmybwjlpf7wh20l-graalvm17-ce-22.3.0/lib/libjava.so
7fd5c4736000-7fd5c4737000 rw-p 00000000 00:00 0 
7fd5c4737000-7fd5c473e000 rw-p 0002f000 00:1484 4611686019135190028      /nix/store/gpxl5qgg8kicmcvivwmybwjlpf7wh20l-graalvm17-ce-22.3.0/lib/libjava.so
7fd5c473e000-7fd5c4746000 rw-s 00000000 00:1c9 353                       /tmp/hsperfdata_runner/29
7fd5c4746000-7fd5c4747000 ---p 00000000 00:00 0 
7fd5c4747000-7fd5c4748000 r--p 00000000 00:00 0 
7fd5c4748000-7fd5c4749000 rwxp 00000000 00:00 0 
7fd5c4749000-7fd5c4764000 r-xp 00000000 00:1484 4611686019135190032      /nix/store/gpxl5qgg8kicmcvivwmybwjlpf7wh20l-graalvm17-ce-22.3.0/lib/libjimage.so
7fd5c4764000-7fd5c4765000 ---p 0001b000 00:1484 4611686019135190032      /nix/store/gpxl5qgg8kicmcvivwmybwjlpf7wh20l-graalvm17-ce-22.3.0/lib/libjimage.so
7fd5c4765000-7fd5c4767000 r--p 0001b000 00:1484 4611686019135190032      /nix/store/gpxl5qgg8kicmcvivwmybwjlpf7wh20l-graalvm17-ce-22.3.0/lib/libjimage.so
7fd5c4767000-7fd5c4768000 rw-p 0001d000 00:1484 4611686019135190032      /nix/store/gpxl5qgg8kicmcvivwmybwjlpf7wh20l-graalvm17-ce-22.3.0/lib/libjimage.so
7fd5c4768000-7fd5c4769000 rw-p 00024000 00:1484 4611686019135190032      /nix/store/gpxl5qgg8kicmcvivwmybwjlpf7wh20l-graalvm17-ce-22.3.0/lib/libjimage.so
7fd5c4769000-7fd5c476d000 ---p 00000000 00:00 0 
7fd5c476d000-7fd5c4869000 rw-p 00000000 00:00 0 
7fd5c4869000-7fd5c4877000 r--p 00000000 00:1484 4611686019027979927      /nix/store/4nlgxhb09sdr51nc9hdm8az5b08vzkgx-glibc-2.35-163/lib/libm.so.6
7fd5c4877000-7fd5c48ea000 r-xp 0000e000 00:1484 4611686019027979927      /nix/store/4nlgxhb09sdr51nc9hdm8az5b08vzkgx-glibc-2.35-163/lib/libm.so.6
7fd5c48ea000-7fd5c4947000 r--p 00081000 00:1484 4611686019027979927      /nix/store/4nlgxhb09sdr51nc9hdm8az5b08vzkgx-glibc-2.35-163/lib/libm.so.6
7fd5c4947000-7fd5c4948000 r--p 000dd000 00:1484 4611686019027979927      /nix/store/4nlgxhb09sdr51nc9hdm8az5b08vzkgx-glibc-2.35-163/lib/libm.so.6
7fd5c4948000-7fd5c4949000 rw-p 000de000 00:1484 4611686019027979927      /nix/store/4nlgxhb09sdr51nc9hdm8az5b08vzkgx-glibc-2.35-163/lib/libm.so.6
7fd5c4949000-7fd5c494a000 r--p 00000000 00:1484 4611686019027979946      /nix/store/4nlgxhb09sdr51nc9hdm8az5b08vzkgx-glibc-2.35-163/lib/librt.so.1
7fd5c494a000-7fd5c494b000 r-xp 00001000 00:1484 4611686019027979946      /nix/store/4nlgxhb09sdr51nc9hdm8az5b08vzkgx-glibc-2.35-163/lib/librt.so.1
7fd5c494b000-7fd5c494c000 r--p 00002000 00:1484 4611686019027979946      /nix/store/4nlgxhb09sdr51nc9hdm8az5b08vzkgx-glibc-2.35-163/lib/librt.so.1
7fd5c494c000-7fd5c494d000 r--p 00002000 00:1484 4611686019027979946      /nix/store/4nlgxhb09sdr51nc9hdm8az5b08vzkgx-glibc-2.35-163/lib/librt.so.1
7fd5c494d000-7fd5c494e000 rw-p 00003000 00:1484 4611686019027979946      /nix/store/4nlgxhb09sdr51nc9hdm8az5b08vzkgx-glibc-2.35-163/lib/librt.so.1
7fd5c494e000-7fd5c5a61000 r-xp 00000000 00:1484 4611686019135360866      /nix/store/gpxl5qgg8kicmcvivwmybwjlpf7wh20l-graalvm17-ce-22.3.0/lib/server/libjvm.so
7fd5c5a61000-7fd5c5a62000 ---p 01113000 00:1484 4611686019135360866      /nix/store/gpxl5qgg8kicmcvivwmybwjlpf7wh20l-graalvm17-ce-22.3.0/lib/server/libjvm.so
7fd5c5a62000-7fd5c5b17000 r--p 01113000 00:1484 4611686019135360866      /nix/store/gpxl5qgg8kicmcvivwmybwjlpf7wh20l-graalvm17-ce-22.3.0/lib/server/libjvm.so
7fd5c5b17000-7fd5c5b4b000 rw-p 011c8000 00:1484 4611686019135360866      /nix/store/gpxl5qgg8kicmcvivwmybwjlpf7wh20l-graalvm17-ce-22.3.0/lib/server/libjvm.so
7fd5c5b4b000-7fd5c5ba7000 rw-p 00000000 00:00 0 
7fd5c5ba7000-7fd5c5bcf000 r--p 00000000 00:1484 4611686019027979918      /nix/store/4nlgxhb09sdr51nc9hdm8az5b08vzkgx-glibc-2.35-163/lib/libc.so.6
7fd5c5bcf000-7fd5c5d45000 r-xp 00028000 00:1484 4611686019027979918      /nix/store/4nlgxhb09sdr51nc9hdm8az5b08vzkgx-glibc-2.35-163/lib/libc.so.6
7fd5c5d45000-7fd5c5d9d000 r--p 0019e000 00:1484 4611686019027979918      /nix/store/4nlgxhb09sdr51nc9hdm8az5b08vzkgx-glibc-2.35-163/lib/libc.so.6
7fd5c5d9d000-7fd5c5da1000 r--p 001f6000 00:1484 4611686019027979918      /nix/store/4nlgxhb09sdr51nc9hdm8az5b08vzkgx-glibc-2.35-163/lib/libc.so.6
7fd5c5da1000-7fd5c5da3000 rw-p 001fa000 00:1484 4611686019027979918      /nix/store/4nlgxhb09sdr51nc9hdm8az5b08vzkgx-glibc-2.35-163/lib/libc.so.6
7fd5c5da3000-7fd5c5db2000 rw-p 00000000 00:00 0 
7fd5c5db2000-7fd5c5db3000 r--p 00000000 00:1484 4611686019027979923      /nix/store/4nlgxhb09sdr51nc9hdm8az5b08vzkgx-glibc-2.35-163/lib/libdl.so.2
7fd5c5db3000-7fd5c5db4000 r-xp 00001000 00:1484 4611686019027979923      /nix/store/4nlgxhb09sdr51nc9hdm8az5b08vzkgx-glibc-2.35-163/lib/libdl.so.2
7fd5c5db4000-7fd5c5db5000 r--p 00002000 00:1484 4611686019027979923      /nix/store/4nlgxhb09sdr51nc9hdm8az5b08vzkgx-glibc-2.35-163/lib/libdl.so.2
7fd5c5db5000-7fd5c5db6000 r--p 00002000 00:1484 4611686019027979923      /nix/store/4nlgxhb09sdr51nc9hdm8az5b08vzkgx-glibc-2.35-163/lib/libdl.so.2
7fd5c5db6000-7fd5c5db7000 rw-p 00003000 00:1484 4611686019027979923      /nix/store/4nlgxhb09sdr51nc9hdm8az5b08vzkgx-glibc-2.35-163/lib/libdl.so.2
7fd5c5db7000-7fd5c5db8000 r--p 00000000 00:1484 4611686019027979942      /nix/store/4nlgxhb09sdr51nc9hdm8az5b08vzkgx-glibc-2.35-163/lib/libpthread.so.0
7fd5c5db8000-7fd5c5db9000 r-xp 00001000 00:1484 4611686019027979942      /nix/store/4nlgxhb09sdr51nc9hdm8az5b08vzkgx-glibc-2.35-163/lib/libpthread.so.0
7fd5c5db9000-7fd5c5dba000 r--p 00002000 00:1484 4611686019027979942      /nix/store/4nlgxhb09sdr51nc9hdm8az5b08vzkgx-glibc-2.35-163/lib/libpthread.so.0
7fd5c5dba000-7fd5c5dbb000 r--p 00002000 00:1484 4611686019027979942      /nix/store/4nlgxhb09sdr51nc9hdm8az5b08vzkgx-glibc-2.35-163/lib/libpthread.so.0
7fd5c5dbb000-7fd5c5dbc000 rw-p 00003000 00:1484 4611686019027979942      /nix/store/4nlgxhb09sdr51nc9hdm8az5b08vzkgx-glibc-2.35-163/lib/libpthread.so.0
7fd5c5dbc000-7fd5c5dca000 r-xp 00000000 00:1484 4611686019135190033      /nix/store/gpxl5qgg8kicmcvivwmybwjlpf7wh20l-graalvm17-ce-22.3.0/lib/libjli.so
7fd5c5dca000-7fd5c5dcb000 ---p 0000e000 00:1484 4611686019135190033      /nix/store/gpxl5qgg8kicmcvivwmybwjlpf7wh20l-graalvm17-ce-22.3.0/lib/libjli.so
7fd5c5dcb000-7fd5c5dcc000 r--p 0000e000 00:1484 4611686019135190033      /nix/store/gpxl5qgg8kicmcvivwmybwjlpf7wh20l-graalvm17-ce-22.3.0/lib/libjli.so
7fd5c5dcc000-7fd5c5dcd000 rw-p 0000f000 00:1484 4611686019135190033      /nix/store/gpxl5qgg8kicmcvivwmybwjlpf7wh20l-graalvm17-ce-22.3.0/lib/libjli.so
7fd5c5dcd000-7fd5c5dce000 rw-p 00012000 00:1484 4611686019135190033      /nix/store/gpxl5qgg8kicmcvivwmybwjlpf7wh20l-graalvm17-ce-22.3.0/lib/libjli.so
7fd5c5dce000-7fd5c5dd1000 r--p 00000000 00:1484 4611686019106210071      /nix/store/026hln0aq1hyshaxsdvhg0kmcm6yf45r-zlib-1.2.13/lib/libz.so.1.2.13
7fd5c5dd1000-7fd5c5de3000 r-xp 00003000 00:1484 4611686019106210071      /nix/store/026hln0aq1hyshaxsdvhg0kmcm6yf45r-zlib-1.2.13/lib/libz.so.1.2.13
7fd5c5de3000-7fd5c5dea000 r--p 00015000 00:1484 4611686019106210071      /nix/store/026hln0aq1hyshaxsdvhg0kmcm6yf45r-zlib-1.2.13/lib/libz.so.1.2.13
7fd5c5dea000-7fd5c5deb000 r--p 0001b000 00:1484 4611686019106210071      /nix/store/026hln0aq1hyshaxsdvhg0kmcm6yf45r-zlib-1.2.13/lib/libz.so.1.2.13
7fd5c5deb000-7fd5c5dec000 rw-p 0001c000 00:1484 4611686019106210071      /nix/store/026hln0aq1hyshaxsdvhg0kmcm6yf45r-zlib-1.2.13/lib/libz.so.1.2.13
7fd5c5dec000-7fd5c5dee000 rw-p 00000000 00:00 0 
7fd5c5dee000-7fd5c5df2000 r--p 00000000 00:00 0                          [vvar]
7fd5c5df2000-7fd5c5df4000 r-xp 00000000 00:00 0                          [vdso]
7fd5c5df4000-7fd5c5df6000 r--p 00000000 00:1484 4611686019027979912      /nix/store/4nlgxhb09sdr51nc9hdm8az5b08vzkgx-glibc-2.35-163/lib/ld-linux-x86-64.so.2
7fd5c5df6000-7fd5c5e1d000 r-xp 00002000 00:1484 4611686019027979912      /nix/store/4nlgxhb09sdr51nc9hdm8az5b08vzkgx-glibc-2.35-163/lib/ld-linux-x86-64.so.2
7fd5c5e1d000-7fd5c5e29000 r--p 00029000 00:1484 4611686019027979912      /nix/store/4nlgxhb09sdr51nc9hdm8az5b08vzkgx-glibc-2.35-163/lib/ld-linux-x86-64.so.2
7fd5c5e29000-7fd5c5e2b000 r--p 00034000 00:1484 4611686019027979912      /nix/store/4nlgxhb09sdr51nc9hdm8az5b08vzkgx-glibc-2.35-163/lib/ld-linux-x86-64.so.2
7fd5c5e2b000-7fd5c5e2d000 rw-p 00036000 00:1484 4611686019027979912      /nix/store/4nlgxhb09sdr51nc9hdm8az5b08vzkgx-glibc-2.35-163/lib/ld-linux-x86-64.so.2
7ffe73f5c000-7ffe73f81000 rw-p 00000000 00:00 0                          [stack]
ffffffffff600000-ffffffffff601000 --xp 00000000 00:00 0                  [vsyscall]


VM Arguments:
jvm_args: -XX:ThreadPriorityPolicy=1 -XX:+UnlockExperimentalVMOptions -XX:+EnableJVMCIProduct -XX:JVMCIThreadsPerNativeLibraryRuntime=1 -XX:-UnlockExperimentalVMOptions -Declipse.application=org.eclipse.jdt.ls.core.id1 -Dosgi.bundles.defaultStartLevel=4 -Declipse.product=org.eclipse.jdt.ls.core.product -Dlog.level=ALL -Xverify:none -XX:+UseParallelGC -XX:GCTimeRatio=4 -XX:AdaptiveSizePolicyWeight=90 -Dsun.zip.disableMemoryMapping=true -Xmx512m -Xms100m 
java_command: /nix/store/m6gcpi1ii6rghy04cjwjddcavv7i90df-jdt-language-server-1.9.0/share/java/plugins/org.eclipse.equinox.launcher_1.6.400.v20210924-0641.jar --add-modules=ALL-SYSTEM --add-opens java.base/java.util=ALL-UNNAMED --add-opens java.base/java.lang=ALL-UNNAMED -configuration /home/runner/.cache/jdt-language-server/config -data /home/runner/.cache/jdt-language-server/data/home/runner/Rasterization-Test
java_class_path (initial): /nix/store/m6gcpi1ii6rghy04cjwjddcavv7i90df-jdt-language-server-1.9.0/share/java/plugins/org.eclipse.equinox.launcher_1.6.400.v20210924-0641.jar
Launcher Type: SUN_STANDARD

[Global flags]
    uintx AdaptiveSizePolicyWeight                 = 90                                        {product} {command line}
     intx CICompilerCount                          = 2                                         {product} {ergonomic}
     bool EnableJVMCIProduct                       = true                                {JVMCI product} {jimage}
    uintx GCTimeRatio                              = 4                                         {product} {command line}
   size_t InitialHeapSize                          = 104857600                                 {product} {command line}
     uint JVMCIThreadsPerNativeLibraryRuntime      = 1                                   {JVMCI product} {jimage}
   size_t MaxHeapSize                              = 536870912                                 {product} {command line}
   size_t MaxNewSize                               = 178782208                                 {product} {ergonomic}
   size_t MinHeapDeltaBytes                        = 524288                                    {product} {ergonomic}
   size_t MinHeapSize                              = 104857600                                 {product} {command line}
   size_t NewSize                                  = 34603008                                  {product} {ergonomic}
    uintx NonNMethodCodeHeapSize                   = 5826188                                {pd product} {ergonomic}
    uintx NonProfiledCodeHeapSize                  = 122916026                              {pd product} {ergonomic}
   size_t OldSize                                  = 70254592                                  {product} {ergonomic}
    uintx ProfiledCodeHeapSize                     = 122916026                              {pd product} {ergonomic}
    uintx ReservedCodeCacheSize                    = 251658240                              {pd product} {ergonomic}
     bool SegmentedCodeCache                       = true                                      {product} {ergonomic}
   size_t SoftMaxHeapSize                          = 536870912                              {manageable} {ergonomic}
     intx ThreadPriorityPolicy                     = 1                                         {product} {jimage}
     bool UseCompressedClassPointers               = true                           {product lp64_product} {ergonomic}
     bool UseCompressedOops                        = true                           {product lp64_product} {ergonomic}
     bool UseParallelGC                            = true                                      {product} {command line}

Logging:
Log output configuration:
 #0: stdout all=warning uptime,level,tags
 #1: stderr all=off uptime,level,tags

Environment Variables:
JAVA_HOME=/nix/store/gpxl5qgg8kicmcvivwmybwjlpf7wh20l-graalvm17-ce-22.3.0
PATH=/nix/store/1d6ian3r8kdzspw8hacjhl3xkp40g1lj-binutils-wrapper-2.39/bin:/nix/store/dq0xwmsk1g0i2ayg6pb7y87na2knzylh-gcc-wrapper-11.3.0/bin:/nix/store/bap4d0lpcrhpwmpb8ayjcgkmvfj62lnq-bash-interactive-5.1-p16/bin:/nix/store/pr5n59mb4jzmfx6kanwxly0l07p861fg-patchelf-0.15.0/bin:/nix/store/1gf2flfqnpqbr1b4p4qz2f72y42bs56r-gcc-11.3.0/bin:/nix/store/57xv61c5zi8pphjbcwxxjlgc34p61ic9-glibc-2.35-163-bin/bin:/nix/store/a7gvj343m05j2s32xcnwr35v31ynlypr-coreutils-9.1/bin:/nix/store/039g378vc3pc3dvi9dzdlrd0i4q93qwf-binutils-2.39/bin:/nix/store/gpxl5qgg8kicmcvivwmybwjlpf7wh20l-graalvm17-ce-22.3.0/bin:/nix/store/6z9ag3ihc8mq2hzsw48lhbznvzny65nz-apache-maven-3.8.6/bin:/nix/store/m6gcpi1ii6rghy04cjwjddcavv7i90df-jdt-language-server-1.9.0/bin:/nix/store/84xs5alhs01zrbr4ywm05kxbjbp5590l-java-debug/bin:/nix/store/mydc6f4k2z73xlcz7ilif3v2lcaiqvza-findutils-4.9.0/bin:/nix/store/j9p3g8472iijd50vhdprx0nmk2fqn5gv-diffutils-3.8/bin:/nix/store/89zs7rms6x00xfq4dq6m7mjnhkr8a6r4-gnused-4.8/bin:/nix/store/86bp03jkmsl6f92w0yzg4s59g5mhxwmy-gnugrep-3.7/bin:/nix/store/hwcdqw4jrjnd37wxqgsd47hd0j8bnj09-gawk-5.1.1/bin:/nix/store/cfbhw8r8ags41vwqaz47r583d0p4h4a1-gnutar-1.34/bin:/nix/store/p3m1ndl1lapwrlh698bnb5lvvxh67378-gzip-1.12/bin:/nix/store/a8mhcagrsly7c7mpjrpsnaahk4aax056-bzip2-1.0.8-bin/bin:/nix/store/mblgz65m3zv9x548a3d5m96fj2pbwr09-gnumake-4.3/bin:/nix/store/dsd5gz46hdbdk2rfdimqddhq6m8m8fqs-bash-5.1-p16/bin:/nix/store/v7ljksji50mg3w61dykaa3n3y79n6nil-patch-2.7.6/bin:/nix/store/zlcnmqq14jz5x9439jf937mvayyl63da-xz-5.2.7-bin/bin:/nix/store/y6aj732zm9m87c82fpvf103a1xb22blp-file-5.43/bin:/nix/store/i4kzir3m7mrisxmf5xvlnkw01x4qaqr4-prybar-elisp-0.0.0-e0d9a52/bin:/nix/store/lwwivxf6h7x3cvxp9zv8sj0mv7dak99r-prybar-lua-0.0.0-e0d9a52/bin:/nix/store/gxj28g1cg4hq3qanmjv07156h800qr58-prybar-python3-0.0.0-e0d9a52/bin:/nix/store/hshkjnxrgidigf8x75vg6lqng2xlx9i3-prybar-sqlite-0.0.0-e0d9a52/bin:/nix/store/c4w01bpjgyy5ixmwdk8m1pw87zq4sl26-prybar-tcl-0.0.0-e0d9a52/bin:/nix/store/hpbvrlwd5viqmvcaisb3x0118i913a9n-st
LD_LIBRARY_PATH=/nix/store/a4pff549sk2idnkpzk5nsfps3mdkdnvm-cups-2.4.2-lib/lib:/nix/store/72mqxxhh3cy5yifh92wh2yb8cl2hikyy-cairo-1.16.0/lib:/nix/store/2k366jrbsra97gjfxwvrhvixjfxdach5-glib-2.74.1/lib:/nix/store/2j2znigd8ak37rlwh9khz0ry3clqlw1l-gtk+3-3.24.34/lib:/nix/store/hisqvx32cd57apbpcsnkpx6k3549wql1-libglvnd-1.4.0/lib:/nix/store/p36pgcv991mq5srvg765b78yqpxvk3qs-mesa-21.3.3-drivers/lib:/nix/store/mav4251if1ahjq5vkpwycyyvnmy459c4-pulseaudio-14.2/lib
DISPLAY=:0
LANG=en_US.UTF-8

Signal Handlers:
   SIGSEGV: crash_handler in libjvm.so, mask=11100100010111111101111111111110, flags=SA_RESTART|SA_SIGINFO
    SIGBUS: crash_handler in libjvm.so, mask=11100100010111111101111111111110, flags=SA_RESTART|SA_SIGINFO
    SIGFPE: crash_handler in libjvm.so, mask=11100100010111111101111111111110, flags=SA_RESTART|SA_SIGINFO
   SIGPIPE: IsolateEnterStub_IgnoreSIGPIPEStartupHook_noopSignalHandler_8f19bff2f35b5f630d83b364d6b2339320d4ec70_216e8361c6bc87a8f89f58cc10d3b2fd4415bf87 in libjvmcicompiler.so, mask=00000000000000000000000000000000, flags=SA_RESTART
  *** Handler was modified!
  *** Expected: javaSignalHandler in libjvm.so, mask=11100100110111111111111111111110, flags=SA_RESTART|SA_SIGINFO
   SIGXFSZ: javaSignalHandler in libjvm.so, mask=11100100010111111101111111111110, flags=SA_RESTART|SA_SIGINFO
    SIGILL: crash_handler in libjvm.so, mask=11100100010111111101111111111110, flags=SA_RESTART|SA_SIGINFO
   SIGUSR2: SR_handler in libjvm.so, mask=00000000000000000000000000000000, flags=SA_RESTART|SA_SIGINFO
    SIGHUP: UserHandler in libjvm.so, mask=11100100010111111101111111111110, flags=SA_RESTART|SA_SIGINFO
    SIGINT: UserHandler in libjvm.so, mask=11100100010111111101111111111110, flags=SA_RESTART|SA_SIGINFO
   SIGTERM: UserHandler in libjvm.so, mask=11100100010111111101111111111110, flags=SA_RESTART|SA_SIGINFO
   SIGQUIT: UserHandler in libjvm.so, mask=11100100010111111101111111111110, flags=SA_RESTART|SA_SIGINFO
  *** Handler was modified!
  *** Expected: javaSignalHandler in libjvm.so, mask=11100100110111111111111111111110, flags=SA_RESTART|SA_SIGINFO
   SIGTRAP: crash_handler in libjvm.so, mask=11100100010111111101111111111110, flags=SA_RESTART|SA_SIGINFO


---------------  S Y S T E M  ---------------

OS:
DISTRIB_ID=Ubuntu
DISTRIB_RELEASE=20.04
DISTRIB_CODENAME=focal
DISTRIB_DESCRIPTION="Ubuntu 20.04.2 LTS"
uname: Linux 5.15.0-1031-gcp #38~20.04.1-Ubuntu SMP Sun Mar 12 04:47:58 UTC 2023 x86_64
OS uptime: 0 days 0:22 hours
libc: glibc 2.35 NPTL 2.35 
rlimit (soft/hard): STACK 8192k/infinity , CORE infinity/infinity , NPROC infinity/infinity , NOFILE 5242/5242 , AS infinity/infinity , CPU infinity/infinity , DATA infinity/infinity , FSIZE infinity/infinity , MEMLOCK 64k/64k
load average: 6.63 8.62 5.90

/proc/meminfo:
MemTotal:       65852712 kB
MemFree:        40108524 kB
MemAvailable:   55789360 kB
Buffers:         1203116 kB
Cached:         14071040 kB
SwapCached:            0 kB
Active:          4511580 kB
Inactive:       18472724 kB
Active(anon):      12020 kB
Inactive(anon):  7623640 kB
Active(file):    4499560 kB
Inactive(file): 10849084 kB
Unevictable:       42600 kB
Mlocked:           42600 kB
SwapTotal:             0 kB
SwapFree:              0 kB
Dirty:              8852 kB
Writeback:           452 kB
AnonPages:       7684744 kB
Mapped:          1351080 kB
Shmem:             19272 kB
KReclaimable:    1058792 kB
Slab:            1955932 kB
SReclaimable:    1058792 kB
SUnreclaim:       897140 kB
KernelStack:      364124 kB
PageTables:        85680 kB
NFS_Unstable:          0 kB
Bounce:                0 kB
WritebackTmp:          0 kB
CommitLimit:    32926356 kB
Committed_AS:   36919888 kB
VmallocTotal:   34359738367 kB
VmallocUsed:      392324 kB
VmallocChunk:          0 kB
Percpu:            37504 kB
HardwareCorrupted:     0 kB
AnonHugePages:    241664 kB
ShmemHugePages:        0 kB
ShmemPmdMapped:        0 kB
FileHugePages:         0 kB
FilePmdMapped:         0 kB
HugePages_Total:       0
HugePages_Free:        0
HugePages_Rsvd:        0
HugePages_Surp:        0
Hugepagesize:       2048 kB
Hugetlb:               0 kB
DirectMap4k:     1334080 kB
DirectMap2M:    26974208 kB
DirectMap1G:    40894464 kB

/sys/kernel/mm/transparent_hugepage/enabled: always [madvise] never
/sys/kernel/mm/transparent_hugepage/defrag (defrag/compaction efforts parameter): always defer defer+madvise [madvise] never

Process Memory:
Virtual Size: 4789888K (peak: 4884288K)
Resident Set Size: 754504K (peak: 791284K) (anon: 561224K, file: 193280K, shmem: 0K)
Swapped out: 0K
C-Heap outstanding allocations: 44134K, retained: 15009K
glibc malloc tunables: (default)

/proc/sys/kernel/threads-max (system-wide limit on the number of threads): 514406
/proc/sys/vm/max_map_count (maximum number of memory map areas a process may have): 65530
/proc/sys/kernel/pid_max (system-wide limit on number of process identifiers): 4194304

container (cgroup) information:
container_type: cgroupv1
cpu_cpuset_cpus: 2-7
cpu_memory_nodes: 0
active_processor_count: 1
cpu_quota: 50000
cpu_period: 100000
cpu_shares: 512
memory_limit_in_bytes: 1048576 k
memory_and_swap_limit_in_bytes: 1048576 k
memory_soft_limit_in_bytes: 524288 k
memory_usage_in_bytes: 633020 k
memory_max_usage_in_bytes: 656672 k
maximum number of tasks: 1000
current number of tasks: 52

KVM virtualization detected
Steal ticks since vm start: 0
Steal ticks percentage since vm start:  0.000

CPU: total 8 (initial active 1) (8 cores per cpu, 2 threads per core) family 23 model 49 stepping 0 microcode 0xffffffff, cx8, cmov, fxsr, ht, mmx, 3dnowpref, sse, sse2, sse3, ssse3, sse4a, sse4.1, sse4.2, popcnt, lzcnt, tsc, tscinvbit, avx, avx2, aes, clmul, bmi1, bmi2, adx, sha, fma, vzeroupper, clflush, clflushopt, hv
CPU Model and flags from /proc/cpuinfo:
model name	: AMD EPYC 7B12
flags		: fpu vme de pse tsc msr pae mce cx8 apic sep mtrr pge mca cmov pat pse36 clflush mmx fxsr sse sse2 ht syscall nx mmxext fxsr_opt pdpe1gb rdtscp lm constant_tsc rep_good nopl nonstop_tsc cpuid extd_apicid tsc_known_freq pni pclmulqdq ssse3 fma cx16 sse4_1 sse4_2 movbe popcnt aes xsave avx f16c rdrand hypervisor lahf_lm cmp_legacy cr8_legacy abm sse4a misalignsse 3dnowprefetch osvw topoext ssbd ibrs ibpb stibp vmmcall fsgsbase tsc_adjust bmi1 avx2 smep bmi2 rdseed adx smap clflushopt clwb sha_ni xsaveopt xsavec xgetbv1 clzero xsaveerptr arat npt nrip_save umip rdpid

Online cpus: 0-7
Offline cpus: 
BIOS frequency limitation: <Not Available>
Frequency switch latency (ns): <Not Available>
Available cpu frequencies: <Not Available>
Current governor: <Not Available>
Core performance/turbo boost: <Not Available>

Memory: 4k page, physical 1048576k(415548k free), swap 0k(0k free)
Page Sizes: 4k

vm_info: OpenJDK 64-Bit Server VM (17.0.5+8-jvmci-22.3-b08) for linux-amd64 JRE (17.0.5+8-jvmci-22.3-b08), built on Oct 19 2022 09:01:27 by "buildslave" with gcc 10.3.0

END.
